This file contains any messages produced by compilers while
running configure, to aid debugging if configure makes a mistake.

It was created by main configure 1, which was
generated by GNU Autoconf 2.69.  Invocation command line was

  $ ./configure 

## --------- ##
## Platform. ##
## --------- ##

hostname = liuyongshuai-ThinkPad-X230
uname -m = x86_64
uname -r = 3.13.0-27-generic
uname -s = Linux
uname -v = #50-Ubuntu SMP Thu May 15 18:06:16 UTC 2014

/usr/bin/uname -p = unknown
/bin/uname -X     = unknown

/bin/arch              = unknown
/usr/bin/arch -k       = unknown
/usr/convex/getsysinfo = unknown
/usr/bin/hostinfo      = unknown
/bin/machine           = unknown
/usr/bin/oslevel       = unknown
/bin/universe          = unknown

PATH: /usr/local/sbin
PATH: /usr/local/bin
PATH: /usr/sbin
PATH: /usr/bin
PATH: /sbin
PATH: /bin
PATH: /usr/games
PATH: /usr/local/games
PATH: /usr/local/mysql5.5/bin
PATH: /usr/local/php5/bin
PATH: /usr/local/apache2/bin


## ----------- ##
## Core tests. ##
## ----------- ##

configure:2254: checking for a BSD-compatible install
configure:2322: result: /usr/bin/install -c
configure:2333: checking whether build environment is sane
configure:2388: result: yes
configure:2539: checking for a thread-safe mkdir -p
configure:2578: result: /bin/mkdir -p
configure:2585: checking for gawk
configure:2615: result: no
configure:2585: checking for mawk
configure:2601: found /usr/bin/mawk
configure:2612: result: mawk
configure:2623: checking whether make sets $(MAKE)
configure:2645: result: yes
configure:2674: checking whether make supports nested variables
configure:2691: result: yes
configure:2865: checking for gcc
configure:2881: found /usr/bin/gcc
configure:2892: result: gcc
configure:3121: checking for C compiler version
configure:3130: gcc --version >&5
gcc (Ubuntu 4.8.2-19ubuntu1) 4.8.2
Copyright (C) 2013 Free Software Foundation, Inc.
This is free software; see the source for copying conditions.  There is NO
warranty; not even for MERCHANTABILITY or FITNESS FOR A PARTICULAR PURPOSE.

configure:3141: $? = 0
configure:3130: gcc -v >&5
Using built-in specs.
COLLECT_GCC=gcc
COLLECT_LTO_WRAPPER=/usr/lib/gcc/x86_64-linux-gnu/4.8/lto-wrapper
Target: x86_64-linux-gnu
Configured with: ../src/configure -v --with-pkgversion='Ubuntu 4.8.2-19ubuntu1' --with-bugurl=file:///usr/share/doc/gcc-4.8/README.Bugs --enable-languages=c,c++,java,go,d,fortran,objc,obj-c++ --prefix=/usr --program-suffix=-4.8 --enable-shared --enable-linker-build-id --libexecdir=/usr/lib --without-included-gettext --enable-threads=posix --with-gxx-include-dir=/usr/include/c++/4.8 --libdir=/usr/lib --enable-nls --with-sysroot=/ --enable-clocale=gnu --enable-libstdcxx-debug --enable-libstdcxx-time=yes --enable-gnu-unique-object --disable-libmudflap --enable-plugin --with-system-zlib --disable-browser-plugin --enable-java-awt=gtk --enable-gtk-cairo --with-java-home=/usr/lib/jvm/java-1.5.0-gcj-4.8-amd64/jre --enable-java-home --with-jvm-root-dir=/usr/lib/jvm/java-1.5.0-gcj-4.8-amd64 --with-jvm-jar-dir=/usr/lib/jvm-exports/java-1.5.0-gcj-4.8-amd64 --with-arch-directory=amd64 --with-ecj-jar=/usr/share/java/eclipse-ecj.jar --enable-objc-gc --enable-multiarch --disable-werror --with-arch-32=i686 --with-abi=m64 --with-multilib-list=m32,m64,mx32 --with-tune=generic --enable-checking=release --build=x86_64-linux-gnu --host=x86_64-linux-gnu --target=x86_64-linux-gnu
Thread model: posix
gcc version 4.8.2 (Ubuntu 4.8.2-19ubuntu1) 
configure:3141: $? = 0
configure:3130: gcc -V >&5
gcc: error: unrecognized command line option '-V'
gcc: fatal error: no input files
compilation terminated.
configure:3141: $? = 4
configure:3130: gcc -qversion >&5
gcc: error: unrecognized command line option '-qversion'
gcc: fatal error: no input files
compilation terminated.
configure:3141: $? = 4
configure:3161: checking whether the C compiler works
configure:3183: gcc    conftest.c  >&5
configure:3187: $? = 0
configure:3235: result: yes
configure:3238: checking for C compiler default output file name
configure:3240: result: a.out
configure:3246: checking for suffix of executables
configure:3253: gcc -o conftest    conftest.c  >&5
configure:3257: $? = 0
configure:3279: result: 
configure:3301: checking whether we are cross compiling
configure:3309: gcc -o conftest    conftest.c  >&5
configure:3313: $? = 0
configure:3320: ./conftest
configure:3324: $? = 0
configure:3339: result: no
configure:3344: checking for suffix of object files
configure:3366: gcc -c   conftest.c >&5
configure:3370: $? = 0
configure:3391: result: o
configure:3395: checking whether we are using the GNU C compiler
configure:3414: gcc -c   conftest.c >&5
configure:3414: $? = 0
configure:3423: result: yes
configure:3432: checking whether gcc accepts -g
configure:3452: gcc -c -g  conftest.c >&5
configure:3452: $? = 0
configure:3493: result: yes
configure:3510: checking for gcc option to accept ISO C89
configure:3573: gcc  -c -g -O2  conftest.c >&5
configure:3573: $? = 0
configure:3586: result: none needed
configure:3611: checking whether gcc understands -c and -o together
configure:3633: gcc -c conftest.c -o conftest2.o
configure:3636: $? = 0
configure:3633: gcc -c conftest.c -o conftest2.o
configure:3636: $? = 0
configure:3648: result: yes
configure:3676: checking for style of include used by make
configure:3704: result: GNU
configure:3730: checking dependency style of gcc
configure:3841: result: gcc3
configure:3899: checking for ranlib
configure:3915: found /usr/bin/ranlib
configure:3926: result: ranlib
configure:3998: checking for ar
configure:4014: found /usr/bin/ar
configure:4025: result: ar
configure:4051: checking the archiver (ar) interface
configure:4067: gcc -c -g -O2  conftest.c >&5
configure:4067: $? = 0
configure:4069: ar cru libconftest.a conftest.o >&5
configure:4072: $? = 0
configure:4100: result: ar
configure:4149: checking build system type
configure:4163: result: x86_64-unknown-linux-gnu
configure:4183: checking host system type
configure:4196: result: x86_64-unknown-linux-gnu
configure:4237: checking how to print strings
configure:4264: result: printf
configure:4285: checking for a sed that does not truncate output
configure:4349: result: /bin/sed
configure:4367: checking for grep that handles long lines and -e
configure:4425: result: /bin/grep
configure:4430: checking for egrep
configure:4492: result: /bin/grep -E
configure:4497: checking for fgrep
configure:4559: result: /bin/grep -F
configure:4594: checking for ld used by gcc
configure:4661: result: /usr/bin/ld
configure:4668: checking if the linker (/usr/bin/ld) is GNU ld
configure:4683: result: yes
configure:4695: checking for BSD- or MS-compatible name lister (nm)
configure:4744: result: /usr/bin/nm -B
configure:4874: checking the name lister (/usr/bin/nm -B) interface
configure:4881: gcc -c -g -O2  conftest.c >&5
configure:4884: /usr/bin/nm -B "conftest.o"
configure:4887: output
0000000000000000 B some_variable
configure:4894: result: BSD nm
configure:4897: checking whether ln -s works
configure:4901: result: yes
configure:4909: checking the maximum length of command line arguments
configure:5040: result: 1572864
configure:5057: checking whether the shell understands some XSI constructs
configure:5067: result: yes
configure:5071: checking whether the shell understands "+="
configure:5077: result: yes
configure:5112: checking how to convert x86_64-unknown-linux-gnu file names to x86_64-unknown-linux-gnu format
configure:5152: result: func_convert_file_noop
configure:5159: checking how to convert x86_64-unknown-linux-gnu file names to toolchain format
configure:5179: result: func_convert_file_noop
configure:5186: checking for /usr/bin/ld option to reload object files
configure:5193: result: -r
configure:5267: checking for objdump
configure:5283: found /usr/bin/objdump
configure:5294: result: objdump
configure:5326: checking how to recognize dependent libraries
configure:5524: result: pass_all
configure:5609: checking for dlltool
configure:5639: result: no
configure:5669: checking how to associate runtime and link libraries
configure:5696: result: printf %s\n
configure:5820: checking for archiver @FILE support
configure:5837: gcc -c -g -O2  conftest.c >&5
configure:5837: $? = 0
configure:5840: ar cru libconftest.a @conftest.lst >&5
configure:5843: $? = 0
configure:5848: ar cru libconftest.a @conftest.lst >&5
ar: conftest.o: No such file or directory
configure:5851: $? = 1
configure:5863: result: @
configure:5921: checking for strip
configure:5937: found /usr/bin/strip
configure:5948: result: strip
configure:6020: checking for ranlib
configure:6047: result: ranlib
configure:6149: checking command to parse /usr/bin/nm -B output from gcc object
configure:6269: gcc -c -g -O2  conftest.c >&5
configure:6272: $? = 0
configure:6276: /usr/bin/nm -B conftest.o \| sed -n -e 's/^.*[ ]\([ABCDGIRSTW][ABCDGIRSTW]*\)[ ][ ]*\([_A-Za-z][_A-Za-z0-9]*\)$/\1 \2 \2/p' | sed '/ __gnu_lto/d' \> conftest.nm
configure:6279: $? = 0
configure:6345: gcc -o conftest -g -O2   conftest.c conftstm.o >&5
configure:6348: $? = 0
configure:6386: result: ok
configure:6423: checking for sysroot
configure:6453: result: no
configure:6530: gcc -c -g -O2  conftest.c >&5
configure:6533: $? = 0
configure:6722: checking for mt
configure:6738: found /bin/mt
configure:6749: result: mt
configure:6772: checking if mt is a manifest tool
configure:6778: mt '-?'
configure:6786: result: no
configure:7428: checking how to run the C preprocessor
configure:7459: gcc -E  conftest.c
configure:7459: $? = 0
configure:7473: gcc -E  conftest.c
conftest.c:11:28: fatal error: ac_nonexistent.h: No such file or directory
 #include <ac_nonexistent.h>
                            ^
compilation terminated.
configure:7473: $? = 1
configure: failed program was:
| /* confdefs.h */
| #define PACKAGE_NAME "main"
| #define PACKAGE_TARNAME "main"
| #define PACKAGE_VERSION "1"
| #define PACKAGE_STRING "main 1"
| #define PACKAGE_BUGREPORT "liuyongshuai@hotmail.com"
| #define PACKAGE_URL ""
| #define PACKAGE "main"
| #define VERSION "1"
| /* end confdefs.h.  */
| #include <ac_nonexistent.h>
configure:7498: result: gcc -E
configure:7518: gcc -E  conftest.c
configure:7518: $? = 0
configure:7532: gcc -E  conftest.c
conftest.c:11:28: fatal error: ac_nonexistent.h: No such file or directory
 #include <ac_nonexistent.h>
                            ^
compilation terminated.
configure:7532: $? = 1
configure: failed program was:
| /* confdefs.h */
| #define PACKAGE_NAME "main"
| #define PACKAGE_TARNAME "main"
| #define PACKAGE_VERSION "1"
| #define PACKAGE_STRING "main 1"
| #define PACKAGE_BUGREPORT "liuyongshuai@hotmail.com"
| #define PACKAGE_URL ""
| #define PACKAGE "main"
| #define VERSION "1"
| /* end confdefs.h.  */
| #include <ac_nonexistent.h>
configure:7561: checking for ANSI C header files
configure:7581: gcc -c -g -O2  conftest.c >&5
configure:7581: $? = 0
configure:7654: gcc -o conftest -g -O2   conftest.c  >&5
configure:7654: $? = 0
configure:7654: ./conftest
configure:7654: $? = 0
configure:7665: result: yes
configure:7678: checking for sys/types.h
configure:7678: gcc -c -g -O2  conftest.c >&5
configure:7678: $? = 0
configure:7678: result: yes
configure:7678: checking for sys/stat.h
configure:7678: gcc -c -g -O2  conftest.c >&5
configure:7678: $? = 0
configure:7678: result: yes
configure:7678: checking for stdlib.h
configure:7678: gcc -c -g -O2  conftest.c >&5
configure:7678: $? = 0
configure:7678: result: yes
configure:7678: checking for string.h
configure:7678: gcc -c -g -O2  conftest.c >&5
configure:7678: $? = 0
configure:7678: result: yes
configure:7678: checking for memory.h
configure:7678: gcc -c -g -O2  conftest.c >&5
configure:7678: $? = 0
configure:7678: result: yes
configure:7678: checking for strings.h
configure:7678: gcc -c -g -O2  conftest.c >&5
configure:7678: $? = 0
configure:7678: result: yes
configure:7678: checking for inttypes.h
configure:7678: gcc -c -g -O2  conftest.c >&5
configure:7678: $? = 0
configure:7678: result: yes
configure:7678: checking for stdint.h
configure:7678: gcc -c -g -O2  conftest.c >&5
configure:7678: $? = 0
configure:7678: result: yes
configure:7678: checking for unistd.h
configure:7678: gcc -c -g -O2  conftest.c >&5
configure:7678: $? = 0
configure:7678: result: yes
configure:7692: checking for dlfcn.h
configure:7692: gcc -c -g -O2  conftest.c >&5
configure:7692: $? = 0
configure:7692: result: yes
configure:7898: checking for objdir
configure:7913: result: .libs
configure:8180: checking if gcc supports -fno-rtti -fno-exceptions
configure:8198: gcc -c -g -O2  -fno-rtti -fno-exceptions conftest.c >&5
cc1: warning: command line option '-fno-rtti' is valid for C++/ObjC++ but not for C [enabled by default]
configure:8202: $? = 0
configure:8215: result: no
configure:8542: checking for gcc option to produce PIC
configure:8549: result: -fPIC -DPIC
configure:8557: checking if gcc PIC flag -fPIC -DPIC works
configure:8575: gcc -c -g -O2  -fPIC -DPIC -DPIC conftest.c >&5
configure:8579: $? = 0
configure:8592: result: yes
configure:8621: checking if gcc static flag -static works
configure:8649: result: yes
configure:8664: checking if gcc supports -c -o file.o
configure:8685: gcc -c -g -O2  -o out/conftest2.o conftest.c >&5
configure:8689: $? = 0
configure:8711: result: yes
configure:8719: checking if gcc supports -c -o file.o
configure:8766: result: yes
configure:8799: checking whether the gcc linker (/usr/bin/ld -m elf_x86_64) supports shared libraries
configure:9956: result: yes
configure:9993: checking whether -lc should be explicitly linked in
configure:10001: gcc -c -g -O2  conftest.c >&5
configure:10004: $? = 0
configure:10019: gcc -shared  -fPIC -DPIC conftest.o  -v -Wl,-soname -Wl,conftest -o conftest 2\>\&1 \| /bin/grep  -lc  \>/dev/null 2\>\&1
configure:10022: $? = 0
configure:10036: result: no
configure:10196: checking dynamic linker characteristics
configure:10696: gcc -o conftest -g -O2   -Wl,-rpath -Wl,/foo conftest.c  >&5
configure:10696: $? = 0
configure:10930: result: GNU/Linux ld.so
configure:11037: checking how to hardcode library paths into programs
configure:11062: result: immediate
configure:11602: checking whether stripping libraries is possible
configure:11607: result: yes
configure:11642: checking if libtool supports shared libraries
configure:11644: result: yes
configure:11647: checking whether to build shared libraries
configure:11668: result: yes
configure:11671: checking whether to build static libraries
configure:11675: result: yes
configure:11715: checking for main in -lmysqlclient
configure:11734: gcc -o conftest -g -O2   conftest.c -lmysqlclient   >&5
/usr/bin/ld: cannot find -lmysqlclient
collect2: error: ld returned 1 exit status
configure:11734: $? = 1
configure: failed program was:
| /* confdefs.h */
| #define PACKAGE_NAME "main"
| #define PACKAGE_TARNAME "main"
| #define PACKAGE_VERSION "1"
| #define PACKAGE_STRING "main 1"
| #define PACKAGE_BUGREPORT "liuyongshuai@hotmail.com"
| #define PACKAGE_URL ""
| #define PACKAGE "main"
| #define VERSION "1"
| #define STDC_HEADERS 1
| #define HAVE_SYS_TYPES_H 1
| #define HAVE_SYS_STAT_H 1
| #define HAVE_STDLIB_H 1
| #define HAVE_STRING_H 1
| #define HAVE_MEMORY_H 1
| #define HAVE_STRINGS_H 1
| #define HAVE_INTTYPES_H 1
| #define HAVE_STDINT_H 1
| #define HAVE_UNISTD_H 1
| #define HAVE_DLFCN_H 1
| #define LT_OBJDIR ".libs/"
| /* end confdefs.h.  */
| 
| 
| int
| main ()
| {
| return main ();
|   ;
|   return 0;
| }
configure:11743: result: no
configure:11759: checking for stdlib.h
configure:11759: result: yes
configure:11759: checking for string.h
configure:11759: result: yes
configure:11759: checking for unistd.h
configure:11759: result: yes
configure:11885: checking that generated files are newer than configure
configure:11891: result: done
configure:11914: creating ./config.status

## ---------------------- ##
## Running config.status. ##
## ---------------------- ##

This file was extended by main config.status 1, which was
generated by GNU Autoconf 2.69.  Invocation command line was

  CONFIG_FILES    = 
  CONFIG_HEADERS  = 
  CONFIG_LINKS    = 
  CONFIG_COMMANDS = 
  $ ./config.status 

on liuyongshuai-ThinkPad-X230

config.status:1085: creating Makefile
config.status:1085: creating utils/Makefile
config.status:1085: creating send_so/Makefile
config.status:1085: creating config.h
config.status:1266: config.h is unchanged
config.status:1314: executing depfiles commands
config.status:1314: executing libtool commands

## ---------------- ##
## Cache variables. ##
## ---------------- ##

ac_cv_build=x86_64-unknown-linux-gnu
ac_cv_c_compiler_gnu=yes
ac_cv_env_CC_set=
ac_cv_env_CC_value=
ac_cv_env_CFLAGS_set=
ac_cv_env_CFLAGS_value=
ac_cv_env_CPPFLAGS_set=
ac_cv_env_CPPFLAGS_value=
ac_cv_env_CPP_set=
ac_cv_env_CPP_value=
ac_cv_env_LDFLAGS_set=
ac_cv_env_LDFLAGS_value=
ac_cv_env_LIBS_set=
ac_cv_env_LIBS_value=
ac_cv_env_build_alias_set=
ac_cv_env_build_alias_value=
ac_cv_env_host_alias_set=
ac_cv_env_host_alias_value=
ac_cv_env_target_alias_set=
ac_cv_env_target_alias_value=
ac_cv_header_dlfcn_h=yes
ac_cv_header_inttypes_h=yes
ac_cv_header_memory_h=yes
ac_cv_header_stdc=yes
ac_cv_header_stdint_h=yes
ac_cv_header_stdlib_h=yes
ac_cv_header_string_h=yes
ac_cv_header_strings_h=yes
ac_cv_header_sys_stat_h=yes
ac_cv_header_sys_types_h=yes
ac_cv_header_unistd_h=yes
ac_cv_host=x86_64-unknown-linux-gnu
ac_cv_lib_mysqlclient_main=no
ac_cv_objext=o
ac_cv_path_EGREP='/bin/grep -E'
ac_cv_path_FGREP='/bin/grep -F'
ac_cv_path_GREP=/bin/grep
ac_cv_path_SED=/bin/sed
ac_cv_path_install='/usr/bin/install -c'
ac_cv_path_mkdir=/bin/mkdir
ac_cv_prog_AWK=mawk
ac_cv_prog_CPP='gcc -E'
ac_cv_prog_ac_ct_AR=ar
ac_cv_prog_ac_ct_CC=gcc
ac_cv_prog_ac_ct_MANIFEST_TOOL=mt
ac_cv_prog_ac_ct_OBJDUMP=objdump
ac_cv_prog_ac_ct_RANLIB=ranlib
ac_cv_prog_ac_ct_STRIP=strip
ac_cv_prog_cc_c89=
ac_cv_prog_cc_g=yes
ac_cv_prog_make_make_set=yes
am_cv_CC_dependencies_compiler_type=gcc3
am_cv_ar_interface=ar
am_cv_make_support_nested_variables=yes
am_cv_prog_cc_c_o=yes
lt_cv_ar_at_file=@
lt_cv_archive_cmds_need_lc=no
lt_cv_deplibs_check_method=pass_all
lt_cv_file_magic_cmd='$MAGIC_CMD'
lt_cv_file_magic_test_file=
lt_cv_ld_reload_flag=-r
lt_cv_nm_interface='BSD nm'
lt_cv_objdir=.libs
lt_cv_path_LD=/usr/bin/ld
lt_cv_path_NM='/usr/bin/nm -B'
lt_cv_path_mainfest_tool=no
lt_cv_prog_compiler_c_o=yes
lt_cv_prog_compiler_pic='-fPIC -DPIC'
lt_cv_prog_compiler_pic_works=yes
lt_cv_prog_compiler_rtti_exceptions=no
lt_cv_prog_compiler_static_works=yes
lt_cv_prog_gnu_ld=yes
lt_cv_sharedlib_from_linklib_cmd='printf %s\n'
lt_cv_shlibpath_overrides_runpath=no
lt_cv_sys_global_symbol_pipe='sed -n -e '\''s/^.*[	 ]\([ABCDGIRSTW][ABCDGIRSTW]*\)[	 ][	 ]*\([_A-Za-z][_A-Za-z0-9]*\)$/\1 \2 \2/p'\'' | sed '\''/ __gnu_lto/d'\'''
lt_cv_sys_global_symbol_to_c_name_address='sed -n -e '\''s/^: \([^ ]*\)[ ]*$/  {\"\1\", (void *) 0},/p'\'' -e '\''s/^[ABCDGIRSTW]* \([^ ]*\) \([^ ]*\)$/  {"\2", (void *) \&\2},/p'\'''
lt_cv_sys_global_symbol_to_c_name_address_lib_prefix='sed -n -e '\''s/^: \([^ ]*\)[ ]*$/  {\"\1\", (void *) 0},/p'\'' -e '\''s/^[ABCDGIRSTW]* \([^ ]*\) \(lib[^ ]*\)$/  {"\2", (void *) \&\2},/p'\'' -e '\''s/^[ABCDGIRSTW]* \([^ ]*\) \([^ ]*\)$/  {"lib\2", (void *) \&\2},/p'\'''
lt_cv_sys_global_symbol_to_cdecl='sed -n -e '\''s/^T .* \(.*\)$/extern int \1();/p'\'' -e '\''s/^[ABCDGIRSTW]* .* \(.*\)$/extern char \1;/p'\'''
lt_cv_sys_max_cmd_len=1572864
lt_cv_to_host_file_cmd=func_convert_file_noop
lt_cv_to_tool_file_cmd=func_convert_file_noop

## ----------------- ##
## Output variables. ##
## ----------------- ##

ACLOCAL='${SHELL} /work/test_test/mysql/missing aclocal-1.14'
AMDEPBACKSLASH='\'
AMDEP_FALSE='#'
AMDEP_TRUE=''
AMTAR='$${TAR-tar}'
AM_BACKSLASH='\'
AM_DEFAULT_V='$(AM_DEFAULT_VERBOSITY)'
AM_DEFAULT_VERBOSITY='1'
AM_V='$(V)'
AR='ar'
AUTOCONF='${SHELL} /work/test_test/mysql/missing autoconf'
AUTOHEADER='${SHELL} /work/test_test/mysql/missing autoheader'
AUTOMAKE='${SHELL} /work/test_test/mysql/missing automake-1.14'
AWK='mawk'
CC='gcc'
CCDEPMODE='depmode=gcc3'
CFLAGS='-g -O2'
CPP='gcc -E'
CPPFLAGS=''
CYGPATH_W='echo'
DEFS='-DHAVE_CONFIG_H'
DEPDIR='.deps'
DLLTOOL='false'
DSYMUTIL=''
DUMPBIN=''
ECHO_C=''
ECHO_N='-n'
ECHO_T=''
EGREP='/bin/grep -E'
EXEEXT=''
FGREP='/bin/grep -F'
GREP='/bin/grep'
INSTALL_DATA='${INSTALL} -m 644'
INSTALL_PROGRAM='${INSTALL}'
INSTALL_SCRIPT='${INSTALL}'
INSTALL_STRIP_PROGRAM='$(install_sh) -c -s'
LD='/usr/bin/ld -m elf_x86_64'
LDFLAGS=''
LIBOBJS=''
LIBS=''
LIBTOOL='$(SHELL) $(top_builddir)/libtool'
LIPO=''
LN_S='ln -s'
LTLIBOBJS=''
MAKEINFO='${SHELL} /work/test_test/mysql/missing makeinfo'
MANIFEST_TOOL=':'
MKDIR_P='/bin/mkdir -p'
NM='/usr/bin/nm -B'
NMEDIT=''
OBJDUMP='objdump'
OBJEXT='o'
OTOOL64=''
OTOOL=''
PACKAGE='main'
PACKAGE_BUGREPORT='liuyongshuai@hotmail.com'
PACKAGE_NAME='main'
PACKAGE_STRING='main 1'
PACKAGE_TARNAME='main'
PACKAGE_URL=''
PACKAGE_VERSION='1'
PATH_SEPARATOR=':'
RANLIB='ranlib'
SED='/bin/sed'
SET_MAKE=''
SHELL='/bin/bash'
STRIP='strip'
VERSION='1'
ac_ct_AR='ar'
ac_ct_CC='gcc'
ac_ct_DUMPBIN=''
am__EXEEXT_FALSE=''
am__EXEEXT_TRUE='#'
am__fastdepCC_FALSE='#'
am__fastdepCC_TRUE=''
am__include='include'
am__isrc=''
am__leading_dot='.'
am__nodep='_no'
am__quote=''
am__tar='$${TAR-tar} chof - "$$tardir"'
am__untar='$${TAR-tar} xf -'
bindir='${exec_prefix}/bin'
build='x86_64-unknown-linux-gnu'
build_alias=''
build_cpu='x86_64'
build_os='linux-gnu'
build_vendor='unknown'
datadir='${datarootdir}'
datarootdir='${prefix}/share'
docdir='${datarootdir}/doc/${PACKAGE_TARNAME}'
dvidir='${docdir}'
exec_prefix='${prefix}'
host='x86_64-unknown-linux-gnu'
host_alias=''
host_cpu='x86_64'
host_os='linux-gnu'
host_vendor='unknown'
htmldir='${docdir}'
includedir='${prefix}/include'
infodir='${datarootdir}/info'
install_sh='${SHELL} /work/test_test/mysql/install-sh'
libdir='${exec_prefix}/lib'
libexecdir='${exec_prefix}/libexec'
localedir='${datarootdir}/locale'
localstatedir='${prefix}/var'
mandir='${datarootdir}/man'
mkdir_p='$(MKDIR_P)'
oldincludedir='/usr/include'
pdfdir='${docdir}'
prefix='/usr/local'
program_transform_name='s,x,x,'
psdir='${docdir}'
sbindir='${exec_prefix}/sbin'
sharedstatedir='${prefix}/com'
sysconfdir='${prefix}/etc'
target_alias=''

## ----------- ##
## confdefs.h. ##
## ----------- ##

/* confdefs.h */
#define PACKAGE_NAME "main"
#define PACKAGE_TARNAME "main"
#define PACKAGE_VERSION "1"
#define PACKAGE_STRING "main 1"
#define PACKAGE_BUGREPORT "liuyongshuai@hotmail.com"
#define PACKAGE_URL ""
#define PACKAGE "main"
#define VERSION "1"
#define STDC_HEADERS 1
#define HAVE_SYS_TYPES_H 1
#define HAVE_SYS_STAT_H 1
#define HAVE_STDLIB_H 1
#define HAVE_STRING_H 1
#define HAVE_MEMORY_H 1
#define HAVE_STRINGS_H 1
#define HAVE_INTTYPES_H 1
#define HAVE_STDINT_H 1
#define HAVE_UNISTD_H 1
#define HAVE_DLFCN_H 1
#define LT_OBJDIR ".libs/"
#define HAVE_STDLIB_H 1
#define HAVE_STRING_H 1
#define HAVE_UNISTD_H 1

configure: exit 0

## ---------------------- ##
## Running config.status. ##
## ---------------------- ##

This file was extended by main config.status 1, which was
generated by GNU Autoconf 2.69.  Invocation command line was

  CONFIG_FILES    = 
  CONFIG_HEADERS  = 
  CONFIG_LINKS    = 
  CONFIG_COMMANDS = 
  $ ./config.status config.h

on liuyongshuai-ThinkPad-X230

config.status:1085: creating config.h
config.status:1266: config.h is unchanged

## ---------------------- ##
## Running config.status. ##
## ---------------------- ##

This file was extended by main config.status 1, which was
generated by GNU Autoconf 2.69.  Invocation command line was

  CONFIG_FILES    = 
  CONFIG_HEADERS  = 
  CONFIG_LINKS    = 
  CONFIG_COMMANDS = 
  $ ./config.status 

on ubuntu

config.status:1085: creating Makefile
config.status:1085: creating utils/Makefile
config.status:1085: creating send_so/Makefile
config.status:1085: creating config.h
config.status:1266: config.h is unchanged
config.status:1314: executing depfiles commands
config.status:1314: executing libtool commands
