This file contains any messages produced by compilers while
running configure, to aid debugging if configure makes a mistake.

It was created by mod_newpassport configure 1.0, which was
generated by GNU Autoconf 2.69.  Invocation command line was

  $ ./configure 

## --------- ##
## Platform. ##
## --------- ##

hostname = bjzw_23_191
uname -m = x86_64
uname -r = 2.6.32-220.17.1.el6.x86_64
uname -s = Linux
uname -v = #1 SMP Thu Apr 26 13:37:13 EDT 2012

/usr/bin/uname -p = unknown
/bin/uname -X     = unknown

/bin/arch              = x86_64
/usr/bin/arch -k       = unknown
/usr/convex/getsysinfo = unknown
/usr/bin/hostinfo      = unknown
/bin/machine           = unknown
/usr/bin/oslevel       = unknown
/bin/universe          = unknown

PATH: /usr/lib64/qt-3.3/bin
PATH: /usr/local/sbin
PATH: /usr/local/bin
PATH: /sbin
PATH: /bin
PATH: /usr/sbin
PATH: /usr/bin
PATH: /usr/local/apache/bin
PATH: /usr/local/php5/bin
PATH: /root/bin


## ----------- ##
## Core tests. ##
## ----------- ##

configure:2378: checking for a BSD-compatible install
configure:2446: result: /usr/bin/install -c
configure:2457: checking whether build environment is sane
configure:2507: result: yes
configure:2648: checking for a thread-safe mkdir -p
configure:2687: result: /bin/mkdir -p
configure:2700: checking for gawk
configure:2716: found /bin/gawk
configure:2727: result: gawk
configure:2738: checking whether make sets $(MAKE)
configure:2760: result: yes
configure:2889: checking for gcc
configure:2916: result: gcc -std=gnu99
configure:3145: checking for C compiler version
configure:3154: gcc -std=gnu99 --version >&5
gcc (GCC) 4.4.6 20110731 (Red Hat 4.4.6-3)
Copyright (C) 2010 Free Software Foundation, Inc.
This is free software; see the source for copying conditions.  There is NO
warranty; not even for MERCHANTABILITY or FITNESS FOR A PARTICULAR PURPOSE.

configure:3165: $? = 0
configure:3154: gcc -std=gnu99 -v >&5
Using built-in specs.
Target: x86_64-redhat-linux
Configured with: ../configure --prefix=/usr --mandir=/usr/share/man --infodir=/usr/share/info --with-bugurl=http://bugzilla.redhat.com/bugzilla --enable-bootstrap --enable-shared --enable-threads=posix --enable-checking=release --with-system-zlib --enable-__cxa_atexit --disable-libunwind-exceptions --enable-gnu-unique-object --enable-languages=c,c++,objc,obj-c++,java,fortran,ada --enable-java-awt=gtk --disable-dssi --with-java-home=/usr/lib/jvm/java-1.5.0-gcj-1.5.0.0/jre --enable-libgcj-multifile --enable-java-maintainer-mode --with-ecj-jar=/usr/share/java/eclipse-ecj.jar --disable-libjava-multilib --with-ppl --with-cloog --with-tune=generic --with-arch_32=i686 --build=x86_64-redhat-linux
Thread model: posix
gcc version 4.4.6 20110731 (Red Hat 4.4.6-3) (GCC) 
configure:3165: $? = 0
configure:3154: gcc -std=gnu99 -V >&5
gcc: '-V' must come at the start of the command line
configure:3165: $? = 1
configure:3154: gcc -std=gnu99 -qversion >&5
gcc: unrecognized option '-qversion'
gcc: no input files
configure:3165: $? = 1
configure:3185: checking whether the C compiler works
configure:3207: gcc -std=gnu99    conftest.c  >&5
configure:3211: $? = 0
configure:3259: result: yes
configure:3262: checking for C compiler default output file name
configure:3264: result: a.out
configure:3270: checking for suffix of executables
configure:3277: gcc -std=gnu99 -o conftest    conftest.c  >&5
configure:3281: $? = 0
configure:3303: result: 
configure:3325: checking whether we are cross compiling
configure:3333: gcc -std=gnu99 -o conftest    conftest.c  >&5
configure:3337: $? = 0
configure:3344: ./conftest
configure:3348: $? = 0
configure:3363: result: no
configure:3368: checking for suffix of object files
configure:3390: gcc -std=gnu99 -c   conftest.c >&5
configure:3394: $? = 0
configure:3415: result: o
configure:3419: checking whether we are using the GNU C compiler
configure:3438: gcc -std=gnu99 -c   conftest.c >&5
configure:3438: $? = 0
configure:3447: result: yes
configure:3456: checking whether gcc -std=gnu99 accepts -g
configure:3476: gcc -std=gnu99 -c -g  conftest.c >&5
configure:3476: $? = 0
configure:3517: result: yes
configure:3534: checking for gcc -std=gnu99 option to accept ISO C89
configure:3597: gcc -std=gnu99  -c -g -O2  conftest.c >&5
configure:3597: $? = 0
configure:3610: result: none needed
configure:3641: checking for style of include used by make
configure:3669: result: GNU
configure:3694: checking dependency style of gcc -std=gnu99
configure:3804: result: gcc3
configure:3862: checking for ranlib
configure:3878: found /usr/bin/ranlib
configure:3889: result: ranlib
configure:3941: checking build system type
configure:3955: result: x86_64-unknown-linux-gnu
configure:3975: checking host system type
configure:3988: result: x86_64-unknown-linux-gnu
configure:4008: checking for a sed that does not truncate output
configure:4072: result: /bin/sed
configure:4090: checking for grep that handles long lines and -e
configure:4148: result: /bin/grep
configure:4153: checking for egrep
configure:4215: result: /bin/grep -E
configure:4220: checking for fgrep
configure:4282: result: /bin/grep -F
configure:4317: checking for ld used by gcc -std=gnu99
configure:4384: result: /usr/bin/ld
configure:4391: checking if the linker (/usr/bin/ld) is GNU ld
configure:4406: result: yes
configure:4418: checking for BSD- or MS-compatible name lister (nm)
configure:4467: result: /usr/bin/nm -B
configure:4585: checking the name lister (/usr/bin/nm -B) interface
configure:4592: gcc -std=gnu99 -c -g -O2  conftest.c >&5
configure:4595: /usr/bin/nm -B "conftest.o"
configure:4598: output
0000000000000000 B some_variable
configure:4605: result: BSD nm
configure:4608: checking whether ln -s works
configure:4612: result: yes
configure:4620: checking the maximum length of command line arguments
configure:4740: result: 1966080
configure:4757: checking whether the shell understands some XSI constructs
configure:4767: result: yes
configure:4771: checking whether the shell understands "+="
configure:4777: result: yes
configure:4812: checking for /usr/bin/ld option to reload object files
configure:4819: result: -r
configure:4888: checking for objdump
configure:4904: found /usr/bin/objdump
configure:4915: result: objdump
configure:4947: checking how to recognize dependent libraries
configure:5143: result: pass_all
configure:5203: checking for ar
configure:5219: found /usr/bin/ar
configure:5230: result: ar
configure:5308: checking for strip
configure:5324: found /usr/bin/strip
configure:5335: result: strip
configure:5407: checking for ranlib
configure:5434: result: ranlib
configure:5524: checking command to parse /usr/bin/nm -B output from gcc -std=gnu99 object
configure:5642: gcc -std=gnu99 -c -g -O2  conftest.c >&5
configure:5645: $? = 0
configure:5649: /usr/bin/nm -B conftest.o \| sed -n -e 's/^.*[	 ]\([ABCDGIRSTW][ABCDGIRSTW]*\)[	 ][	 ]*\([_A-Za-z][_A-Za-z0-9]*\)$/\1 \2 \2/p' \> conftest.nm
configure:5652: $? = 0
configure:5706: gcc -std=gnu99 -o conftest -g -O2   conftest.c conftstm.o >&5
configure:5709: $? = 0
configure:5747: result: ok
configure:5843: gcc -std=gnu99 -c -g -O2  conftest.c >&5
configure:5846: $? = 0
configure:6556: checking how to run the C preprocessor
configure:6587: gcc -std=gnu99 -E  conftest.c
configure:6587: $? = 0
configure:6601: gcc -std=gnu99 -E  conftest.c
conftest.c:11:28: error: ac_nonexistent.h: No such file or directory
configure:6601: $? = 1
configure: failed program was:
| /* confdefs.h */
| #define PACKAGE_NAME "mod_newpassport"
| #define PACKAGE_TARNAME "mod_newpassport"
| #define PACKAGE_VERSION "1.0"
| #define PACKAGE_STRING "mod_newpassport 1.0"
| #define PACKAGE_BUGREPORT "liuyongshuai@hotmail.com"
| #define PACKAGE_URL ""
| #define PACKAGE "mod_newpassport"
| #define VERSION "1.0"
| /* end confdefs.h.  */
| #include <ac_nonexistent.h>
configure:6626: result: gcc -std=gnu99 -E
configure:6646: gcc -std=gnu99 -E  conftest.c
configure:6646: $? = 0
configure:6660: gcc -std=gnu99 -E  conftest.c
conftest.c:11:28: error: ac_nonexistent.h: No such file or directory
configure:6660: $? = 1
configure: failed program was:
| /* confdefs.h */
| #define PACKAGE_NAME "mod_newpassport"
| #define PACKAGE_TARNAME "mod_newpassport"
| #define PACKAGE_VERSION "1.0"
| #define PACKAGE_STRING "mod_newpassport 1.0"
| #define PACKAGE_BUGREPORT "liuyongshuai@hotmail.com"
| #define PACKAGE_URL ""
| #define PACKAGE "mod_newpassport"
| #define VERSION "1.0"
| /* end confdefs.h.  */
| #include <ac_nonexistent.h>
configure:6689: checking for ANSI C header files
configure:6709: gcc -std=gnu99 -c -g -O2  conftest.c >&5
configure:6709: $? = 0
configure:6782: gcc -std=gnu99 -o conftest -g -O2   conftest.c  >&5
configure:6782: $? = 0
configure:6782: ./conftest
configure:6782: $? = 0
configure:6793: result: yes
configure:6806: checking for sys/types.h
configure:6806: gcc -std=gnu99 -c -g -O2  conftest.c >&5
configure:6806: $? = 0
configure:6806: result: yes
configure:6806: checking for sys/stat.h
configure:6806: gcc -std=gnu99 -c -g -O2  conftest.c >&5
configure:6806: $? = 0
configure:6806: result: yes
configure:6806: checking for stdlib.h
configure:6806: gcc -std=gnu99 -c -g -O2  conftest.c >&5
configure:6806: $? = 0
configure:6806: result: yes
configure:6806: checking for string.h
configure:6806: gcc -std=gnu99 -c -g -O2  conftest.c >&5
configure:6806: $? = 0
configure:6806: result: yes
configure:6806: checking for memory.h
configure:6806: gcc -std=gnu99 -c -g -O2  conftest.c >&5
configure:6806: $? = 0
configure:6806: result: yes
configure:6806: checking for strings.h
configure:6806: gcc -std=gnu99 -c -g -O2  conftest.c >&5
configure:6806: $? = 0
configure:6806: result: yes
configure:6806: checking for inttypes.h
configure:6806: gcc -std=gnu99 -c -g -O2  conftest.c >&5
configure:6806: $? = 0
configure:6806: result: yes
configure:6806: checking for stdint.h
configure:6806: gcc -std=gnu99 -c -g -O2  conftest.c >&5
configure:6806: $? = 0
configure:6806: result: yes
configure:6806: checking for unistd.h
configure:6806: gcc -std=gnu99 -c -g -O2  conftest.c >&5
configure:6806: $? = 0
configure:6806: result: yes
configure:6820: checking for dlfcn.h
configure:6820: gcc -std=gnu99 -c -g -O2  conftest.c >&5
configure:6820: $? = 0
configure:6820: result: yes
configure:7004: checking for objdir
configure:7019: result: .libs
configure:7311: checking if gcc -std=gnu99 supports -fno-rtti -fno-exceptions
configure:7329: gcc -std=gnu99 -c -g -O2  -fno-rtti -fno-exceptions conftest.c >&5
cc1: warning: command line option "-fno-rtti" is valid for C++/ObjC++ but not for C
configure:7333: $? = 0
configure:7346: result: no
configure:7366: checking for gcc -std=gnu99 option to produce PIC
configure:7638: result: -fPIC -DPIC
configure:7650: checking if gcc -std=gnu99 PIC flag -fPIC -DPIC works
configure:7668: gcc -std=gnu99 -c -g -O2  -fPIC -DPIC -DPIC conftest.c >&5
configure:7672: $? = 0
configure:7685: result: yes
configure:7709: checking if gcc -std=gnu99 static flag -static works
configure:7737: result: yes
configure:7752: checking if gcc -std=gnu99 supports -c -o file.o
configure:7773: gcc -std=gnu99 -c -g -O2  -o out/conftest2.o conftest.c >&5
configure:7777: $? = 0
configure:7799: result: yes
configure:7807: checking if gcc -std=gnu99 supports -c -o file.o
configure:7854: result: yes
configure:7887: checking whether the gcc -std=gnu99 linker (/usr/bin/ld -m elf_x86_64) supports shared libraries
configure:8873: result: yes
configure:8910: checking whether -lc should be explicitly linked in
configure:8915: gcc -std=gnu99 -c -g -O2  conftest.c >&5
configure:8918: $? = 0
configure:8933: gcc -std=gnu99 -shared conftest.o  -v -Wl,-soname -Wl,conftest -o conftest 2\>\&1 \| /bin/grep  -lc  \>/dev/null 2\>\&1
configure:8936: $? = 0
configure:8948: result: no
configure:9112: checking dynamic linker characteristics
configure:9545: gcc -std=gnu99 -o conftest -g -O2   -Wl,-rpath -Wl,/foo conftest.c  >&5
configure:9545: $? = 0
configure:9766: result: GNU/Linux ld.so
configure:9868: checking how to hardcode library paths into programs
configure:9893: result: immediate
configure:10413: checking whether stripping libraries is possible
configure:10418: result: yes
configure:10453: checking if libtool supports shared libraries
configure:10455: result: yes
configure:10458: checking whether to build shared libraries
configure:10479: result: yes
configure:10482: checking whether to build static libraries
configure:10486: result: yes
configure:10524: checking for main in -lssl
configure:10543: gcc -std=gnu99 -o conftest -g -O2   conftest.c -lssl   >&5
configure:10543: $? = 0
configure:10552: result: yes
configure:10564: checking for main in -lxml2
configure:10583: gcc -std=gnu99 -o conftest -g -O2   conftest.c -lxml2  -lssl  >&5
configure:10583: $? = 0
configure:10592: result: yes
configure:10604: checking for main in -lz
configure:10623: gcc -std=gnu99 -o conftest -g -O2   conftest.c -lz  -lxml2 -lssl  >&5
configure:10623: $? = 0
configure:10632: result: yes
configure:10648: checking for stdlib.h
configure:10648: result: yes
configure:10648: checking for string.h
configure:10648: result: yes
configure:10648: checking stdio.h usability
configure:10648: gcc -std=gnu99 -c -g -O2  conftest.c >&5
configure:10648: $? = 0
configure:10648: result: yes
configure:10648: checking stdio.h presence
configure:10648: gcc -std=gnu99 -E  conftest.c
configure:10648: $? = 0
configure:10648: result: yes
configure:10648: checking for stdio.h
configure:10648: result: yes
configure:10648: checking for stdint.h
configure:10648: result: yes
configure:10664: checking for stdlib.h
configure:10664: result: yes
configure:10674: checking for GNU libc compatible malloc
configure:10698: gcc -std=gnu99 -o conftest -g -O2   conftest.c -lz -lxml2 -lssl  >&5
configure:10698: $? = 0
configure:10698: ./conftest
configure:10698: $? = 0
configure:10708: result: yes
configure:10732: checking for strchr
configure:10732: gcc -std=gnu99 -o conftest -g -O2   conftest.c -lz -lxml2 -lssl  >&5
conftest.c:55: warning: conflicting types for built-in function 'strchr'
configure:10732: $? = 0
configure:10732: result: yes
configure:10732: checking for strdup
configure:10732: gcc -std=gnu99 -o conftest -g -O2   conftest.c -lz -lxml2 -lssl  >&5
conftest.c:56: warning: conflicting types for built-in function 'strdup'
configure:10732: $? = 0
configure:10732: result: yes
configure:10732: checking for strerror
configure:10732: gcc -std=gnu99 -o conftest -g -O2   conftest.c -lz -lxml2 -lssl  >&5
configure:10732: $? = 0
configure:10732: result: yes
configure:10732: checking for strstr
configure:10732: gcc -std=gnu99 -o conftest -g -O2   conftest.c -lz -lxml2 -lssl  >&5
conftest.c:58: warning: conflicting types for built-in function 'strstr'
configure:10732: $? = 0
configure:10732: result: yes
configure:10874: creating ./config.status

## ---------------------- ##
## Running config.status. ##
## ---------------------- ##

This file was extended by mod_newpassport config.status 1.0, which was
generated by GNU Autoconf 2.69.  Invocation command line was

  CONFIG_FILES    = 
  CONFIG_HEADERS  = 
  CONFIG_LINKS    = 
  CONFIG_COMMANDS = 
  $ ./config.status 

on bjzw_23_191

config.status:1073: creating Makefile
config.status:1073: creating newpassport/Makefile
config.status:1073: creating config.h
config.status:1254: config.h is unchanged
config.status:1302: executing depfiles commands
config.status:1302: executing libtool commands

## ---------------- ##
## Cache variables. ##
## ---------------- ##

ac_cv_build=x86_64-unknown-linux-gnu
ac_cv_c_compiler_gnu=yes
ac_cv_env_CC_set=set
ac_cv_env_CC_value='gcc -std=gnu99'
ac_cv_env_CFLAGS_set=
ac_cv_env_CFLAGS_value=
ac_cv_env_CPPFLAGS_set=
ac_cv_env_CPPFLAGS_value=
ac_cv_env_CPP_set=
ac_cv_env_CPP_value=
ac_cv_env_LDFLAGS_set=
ac_cv_env_LDFLAGS_value=
ac_cv_env_LIBS_set=
ac_cv_env_LIBS_value=
ac_cv_env_build_alias_set=
ac_cv_env_build_alias_value=
ac_cv_env_host_alias_set=
ac_cv_env_host_alias_value=
ac_cv_env_target_alias_set=
ac_cv_env_target_alias_value=
ac_cv_func_malloc_0_nonnull=yes
ac_cv_func_strchr=yes
ac_cv_func_strdup=yes
ac_cv_func_strerror=yes
ac_cv_func_strstr=yes
ac_cv_header_dlfcn_h=yes
ac_cv_header_inttypes_h=yes
ac_cv_header_memory_h=yes
ac_cv_header_stdc=yes
ac_cv_header_stdint_h=yes
ac_cv_header_stdio_h=yes
ac_cv_header_stdlib_h=yes
ac_cv_header_string_h=yes
ac_cv_header_strings_h=yes
ac_cv_header_sys_stat_h=yes
ac_cv_header_sys_types_h=yes
ac_cv_header_unistd_h=yes
ac_cv_host=x86_64-unknown-linux-gnu
ac_cv_lib_ssl_main=yes
ac_cv_lib_xml2_main=yes
ac_cv_lib_z_main=yes
ac_cv_objext=o
ac_cv_path_EGREP='/bin/grep -E'
ac_cv_path_FGREP='/bin/grep -F'
ac_cv_path_GREP=/bin/grep
ac_cv_path_SED=/bin/sed
ac_cv_path_install='/usr/bin/install -c'
ac_cv_path_mkdir=/bin/mkdir
ac_cv_prog_AWK=gawk
ac_cv_prog_CPP='gcc -std=gnu99 -E'
ac_cv_prog_ac_ct_AR=ar
ac_cv_prog_ac_ct_CC='gcc -std=gnu99'
ac_cv_prog_ac_ct_OBJDUMP=objdump
ac_cv_prog_ac_ct_RANLIB=ranlib
ac_cv_prog_ac_ct_STRIP=strip
ac_cv_prog_cc_c89=
ac_cv_prog_cc_g=yes
ac_cv_prog_make_make_set=yes
am_cv_CC_dependencies_compiler_type=gcc3
lt_cv_deplibs_check_method=pass_all
lt_cv_file_magic_cmd='$MAGIC_CMD'
lt_cv_file_magic_test_file=
lt_cv_ld_reload_flag=-r
lt_cv_nm_interface='BSD nm'
lt_cv_objdir=.libs
lt_cv_path_LD=/usr/bin/ld
lt_cv_path_NM='/usr/bin/nm -B'
lt_cv_prog_compiler_c_o=yes
lt_cv_prog_compiler_pic_works=yes
lt_cv_prog_compiler_rtti_exceptions=no
lt_cv_prog_compiler_static_works=yes
lt_cv_prog_gnu_ld=yes
lt_cv_sys_global_symbol_pipe='sed -n -e '\''s/^.*[	 ]\([ABCDGIRSTW][ABCDGIRSTW]*\)[	 ][	 ]*\([_A-Za-z][_A-Za-z0-9]*\)$/\1 \2 \2/p'\'''
lt_cv_sys_global_symbol_to_c_name_address='sed -n -e '\''s/^: \([^ ]*\) $/  {\"\1\", (void *) 0},/p'\'' -e '\''s/^[ABCDGIRSTW]* \([^ ]*\) \([^ ]*\)$/  {"\2", (void *) \&\2},/p'\'''
lt_cv_sys_global_symbol_to_c_name_address_lib_prefix='sed -n -e '\''s/^: \([^ ]*\) $/  {\"\1\", (void *) 0},/p'\'' -e '\''s/^[ABCDGIRSTW]* \([^ ]*\) \(lib[^ ]*\)$/  {"\2", (void *) \&\2},/p'\'' -e '\''s/^[ABCDGIRSTW]* \([^ ]*\) \([^ ]*\)$/  {"lib\2", (void *) \&\2},/p'\'''
lt_cv_sys_global_symbol_to_cdecl='sed -n -e '\''s/^T .* \(.*\)$/extern int \1();/p'\'' -e '\''s/^[ABCDGIRSTW]* .* \(.*\)$/extern char \1;/p'\'''
lt_cv_sys_max_cmd_len=1966080

## ----------------- ##
## Output variables. ##
## ----------------- ##

ACLOCAL='${SHELL} /root/mod_newpassport/missing --run aclocal-1.11'
AMDEPBACKSLASH='\'
AMDEP_FALSE='#'
AMDEP_TRUE=''
AMTAR='${SHELL} /root/mod_newpassport/missing --run tar'
AR='ar'
AUTOCONF='${SHELL} /root/mod_newpassport/missing --run autoconf'
AUTOHEADER='${SHELL} /root/mod_newpassport/missing --run autoheader'
AUTOMAKE='${SHELL} /root/mod_newpassport/missing --run automake-1.11'
AWK='gawk'
CC='gcc -std=gnu99'
CCDEPMODE='depmode=gcc3'
CFLAGS='-g -O2'
CPP='gcc -std=gnu99 -E'
CPPFLAGS=''
CYGPATH_W='echo'
DEFS='-DHAVE_CONFIG_H'
DEPDIR='.deps'
DSYMUTIL=''
DUMPBIN=''
ECHO_C=''
ECHO_N='-n'
ECHO_T=''
EGREP='/bin/grep -E'
EXEEXT=''
FGREP='/bin/grep -F'
GREP='/bin/grep'
INSTALL_DATA='${INSTALL} -m 644'
INSTALL_PROGRAM='${INSTALL}'
INSTALL_SCRIPT='${INSTALL}'
INSTALL_STRIP_PROGRAM='$(install_sh) -c -s'
LD='/usr/bin/ld -m elf_x86_64'
LDFLAGS=''
LIBOBJS=''
LIBS='-lz -lxml2 -lssl '
LIBTOOL='$(SHELL) $(top_builddir)/libtool'
LIPO=''
LN_S='ln -s'
LTLIBOBJS=''
MAKEINFO='${SHELL} /root/mod_newpassport/missing --run makeinfo'
MKDIR_P='/bin/mkdir -p'
NM='/usr/bin/nm -B'
NMEDIT=''
OBJDUMP='objdump'
OBJEXT='o'
OTOOL64=''
OTOOL=''
PACKAGE='mod_newpassport'
PACKAGE_BUGREPORT='liuyongshuai@hotmail.com'
PACKAGE_NAME='mod_newpassport'
PACKAGE_STRING='mod_newpassport 1.0'
PACKAGE_TARNAME='mod_newpassport'
PACKAGE_URL=''
PACKAGE_VERSION='1.0'
PATH_SEPARATOR=':'
RANLIB='ranlib'
SED='/bin/sed'
SET_MAKE=''
SHELL='/bin/sh'
STRIP='strip'
VERSION='1.0'
ac_ct_CC='gcc -std=gnu99'
ac_ct_DUMPBIN=''
am__EXEEXT_FALSE=''
am__EXEEXT_TRUE='#'
am__fastdepCC_FALSE='#'
am__fastdepCC_TRUE=''
am__include='include'
am__isrc=''
am__leading_dot='.'
am__quote=''
am__tar='${AMTAR} chof - "$$tardir"'
am__untar='${AMTAR} xf -'
bindir='${exec_prefix}/bin'
build='x86_64-unknown-linux-gnu'
build_alias=''
build_cpu='x86_64'
build_os='linux-gnu'
build_vendor='unknown'
datadir='${datarootdir}'
datarootdir='${prefix}/share'
docdir='${datarootdir}/doc/${PACKAGE_TARNAME}'
dvidir='${docdir}'
exec_prefix='${prefix}'
host='x86_64-unknown-linux-gnu'
host_alias=''
host_cpu='x86_64'
host_os='linux-gnu'
host_vendor='unknown'
htmldir='${docdir}'
includedir='${prefix}/include'
infodir='${datarootdir}/info'
install_sh='${SHELL} /root/mod_newpassport/install-sh'
libdir='${exec_prefix}/lib'
libexecdir='${exec_prefix}/libexec'
localedir='${datarootdir}/locale'
localstatedir='${prefix}/var'
lt_ECHO='echo'
mandir='${datarootdir}/man'
mkdir_p='/bin/mkdir -p'
oldincludedir='/usr/include'
pdfdir='${docdir}'
prefix='/usr/local'
program_transform_name='s,x,x,'
psdir='${docdir}'
sbindir='${exec_prefix}/sbin'
sharedstatedir='${prefix}/com'
sysconfdir='${prefix}/etc'
target_alias=''

## ----------- ##
## confdefs.h. ##
## ----------- ##

/* confdefs.h */
#define PACKAGE_NAME "mod_newpassport"
#define PACKAGE_TARNAME "mod_newpassport"
#define PACKAGE_VERSION "1.0"
#define PACKAGE_STRING "mod_newpassport 1.0"
#define PACKAGE_BUGREPORT "liuyongshuai@hotmail.com"
#define PACKAGE_URL ""
#define PACKAGE "mod_newpassport"
#define VERSION "1.0"
#define STDC_HEADERS 1
#define HAVE_SYS_TYPES_H 1
#define HAVE_SYS_STAT_H 1
#define HAVE_STDLIB_H 1
#define HAVE_STRING_H 1
#define HAVE_MEMORY_H 1
#define HAVE_STRINGS_H 1
#define HAVE_INTTYPES_H 1
#define HAVE_STDINT_H 1
#define HAVE_UNISTD_H 1
#define HAVE_DLFCN_H 1
#define LT_OBJDIR ".libs/"
#define HAVE_LIBSSL 1
#define HAVE_LIBXML2 1
#define HAVE_LIBZ 1
#define HAVE_STDLIB_H 1
#define HAVE_STRING_H 1
#define HAVE_STDIO_H 1
#define HAVE_STDINT_H 1
#define HAVE_STDLIB_H 1
#define HAVE_MALLOC 1
#define HAVE_STRCHR 1
#define HAVE_STRDUP 1
#define HAVE_STRERROR 1
#define HAVE_STRSTR 1

configure: exit 0

## ---------------------- ##
## Running config.status. ##
## ---------------------- ##

This file was extended by mod_newpassport config.status 1.0, which was
generated by GNU Autoconf 2.69.  Invocation command line was

  CONFIG_FILES    = 
  CONFIG_HEADERS  = 
  CONFIG_LINKS    = 
  CONFIG_COMMANDS = 
  $ ./config.status newpassport/Makefile depfiles

on bjzw_23_191

config.status:1073: creating newpassport/Makefile
config.status:1302: executing depfiles commands
