This file contains any messages produced by compilers while
running configure, to aid debugging if configure makes a mistake.

It was created by FULL-PACKAGE-NAME configure VERSION, which was
generated by GNU Autoconf 2.69.  Invocation command line was

  $ ./configure 

## --------- ##
## Platform. ##
## --------- ##

hostname = ubuntu
uname -m = x86_64
uname -r = 3.13.0-24-generic
uname -s = Linux
uname -v = #47-Ubuntu SMP Fri May 2 23:30:00 UTC 2014

/usr/bin/uname -p = unknown
/bin/uname -X     = unknown

/bin/arch              = unknown
/usr/bin/arch -k       = unknown
/usr/convex/getsysinfo = unknown
/usr/bin/hostinfo      = unknown
/bin/machine           = unknown
/usr/bin/oslevel       = unknown
/bin/universe          = unknown

PATH: /usr/local/sbin
PATH: /usr/local/bin
PATH: /usr/sbin
PATH: /usr/bin
PATH: /sbin
PATH: /bin
PATH: /usr/local/mysql5.6/bin
PATH: /usr/local/apache2/bin
PATH: /usr/local/php5/bin


## ----------- ##
## Core tests. ##
## ----------- ##

configure:2575: checking for a BSD-compatible install
configure:2643: result: /usr/bin/install -c
configure:2654: checking whether build environment is sane
configure:2709: result: yes
configure:2860: checking for a thread-safe mkdir -p
configure:2899: result: /bin/mkdir -p
configure:2906: checking for gawk
configure:2922: found /usr/bin/gawk
configure:2933: result: gawk
configure:2944: checking whether make sets $(MAKE)
configure:2966: result: yes
configure:2995: checking whether make supports nested variables
configure:3012: result: yes
configure:3150: checking for style of include used by make
configure:3178: result: GNU
configure:3249: checking for gcc
configure:3265: found /usr/bin/gcc
configure:3276: result: gcc
configure:3505: checking for C compiler version
configure:3514: gcc --version >&5
gcc (Ubuntu 4.8.2-19ubuntu1) 4.8.2
Copyright (C) 2013 Free Software Foundation, Inc.
This is free software; see the source for copying conditions.  There is NO
warranty; not even for MERCHANTABILITY or FITNESS FOR A PARTICULAR PURPOSE.

configure:3525: $? = 0
configure:3514: gcc -v >&5
Using built-in specs.
COLLECT_GCC=gcc
COLLECT_LTO_WRAPPER=/usr/lib/gcc/x86_64-linux-gnu/4.8/lto-wrapper
Target: x86_64-linux-gnu
Configured with: ../src/configure -v --with-pkgversion='Ubuntu 4.8.2-19ubuntu1' --with-bugurl=file:///usr/share/doc/gcc-4.8/README.Bugs --enable-languages=c,c++,java,go,d,fortran,objc,obj-c++ --prefix=/usr --program-suffix=-4.8 --enable-shared --enable-linker-build-id --libexecdir=/usr/lib --without-included-gettext --enable-threads=posix --with-gxx-include-dir=/usr/include/c++/4.8 --libdir=/usr/lib --enable-nls --with-sysroot=/ --enable-clocale=gnu --enable-libstdcxx-debug --enable-libstdcxx-time=yes --enable-gnu-unique-object --disable-libmudflap --enable-plugin --with-system-zlib --disable-browser-plugin --enable-java-awt=gtk --enable-gtk-cairo --with-java-home=/usr/lib/jvm/java-1.5.0-gcj-4.8-amd64/jre --enable-java-home --with-jvm-root-dir=/usr/lib/jvm/java-1.5.0-gcj-4.8-amd64 --with-jvm-jar-dir=/usr/lib/jvm-exports/java-1.5.0-gcj-4.8-amd64 --with-arch-directory=amd64 --with-ecj-jar=/usr/share/java/eclipse-ecj.jar --enable-objc-gc --enable-multiarch --disable-werror --with-arch-32=i686 --with-abi=m64 --with-multilib-list=m32,m64,mx32 --with-tune=generic --enable-checking=release --build=x86_64-linux-gnu --host=x86_64-linux-gnu --target=x86_64-linux-gnu
Thread model: posix
gcc version 4.8.2 (Ubuntu 4.8.2-19ubuntu1) 
configure:3525: $? = 0
configure:3514: gcc -V >&5
gcc: error: unrecognized command line option '-V'
gcc: fatal error: no input files
compilation terminated.
configure:3525: $? = 4
configure:3514: gcc -qversion >&5
gcc: error: unrecognized command line option '-qversion'
gcc: fatal error: no input files
compilation terminated.
configure:3525: $? = 4
configure:3545: checking whether the C compiler works
configure:3567: gcc    conftest.c  >&5
configure:3571: $? = 0
configure:3619: result: yes
configure:3622: checking for C compiler default output file name
configure:3624: result: a.out
configure:3630: checking for suffix of executables
configure:3637: gcc -o conftest    conftest.c  >&5
configure:3641: $? = 0
configure:3663: result: 
configure:3685: checking whether we are cross compiling
configure:3693: gcc -o conftest    conftest.c  >&5
configure:3697: $? = 0
configure:3704: ./conftest
configure:3708: $? = 0
configure:3723: result: no
configure:3728: checking for suffix of object files
configure:3750: gcc -c   conftest.c >&5
configure:3754: $? = 0
configure:3775: result: o
configure:3779: checking whether we are using the GNU C compiler
configure:3798: gcc -c   conftest.c >&5
configure:3798: $? = 0
configure:3807: result: yes
configure:3816: checking whether gcc accepts -g
configure:3836: gcc -c -g  conftest.c >&5
configure:3836: $? = 0
configure:3877: result: yes
configure:3894: checking for gcc option to accept ISO C89
configure:3957: gcc  -c -g -O2  conftest.c >&5
configure:3957: $? = 0
configure:3970: result: none needed
configure:3995: checking whether gcc understands -c and -o together
configure:4017: gcc -c conftest.c -o conftest2.o
configure:4020: $? = 0
configure:4017: gcc -c conftest.c -o conftest2.o
configure:4020: $? = 0
configure:4032: result: yes
configure:4051: checking dependency style of gcc
configure:4162: result: gcc3
configure:4227: checking for ar
configure:4243: found /usr/bin/ar
configure:4254: result: ar
configure:4280: checking the archiver (ar) interface
configure:4296: gcc -c -g -O2  conftest.c >&5
configure:4296: $? = 0
configure:4298: ar cru libconftest.a conftest.o >&5
configure:4301: $? = 0
configure:4329: result: ar
configure:4378: checking build system type
configure:4392: result: x86_64-unknown-linux-gnu
configure:4412: checking host system type
configure:4425: result: x86_64-unknown-linux-gnu
configure:4466: checking how to print strings
configure:4493: result: printf
configure:4514: checking for a sed that does not truncate output
configure:4578: result: /bin/sed
configure:4596: checking for grep that handles long lines and -e
configure:4654: result: /bin/grep
configure:4659: checking for egrep
configure:4721: result: /bin/grep -E
configure:4726: checking for fgrep
configure:4788: result: /bin/grep -F
configure:4823: checking for ld used by gcc
configure:4890: result: /usr/bin/ld
configure:4897: checking if the linker (/usr/bin/ld) is GNU ld
configure:4912: result: yes
configure:4924: checking for BSD- or MS-compatible name lister (nm)
configure:4973: result: /usr/bin/nm -B
configure:5103: checking the name lister (/usr/bin/nm -B) interface
configure:5110: gcc -c -g -O2  conftest.c >&5
configure:5113: /usr/bin/nm -B "conftest.o"
configure:5116: output
0000000000000000 B some_variable
configure:5123: result: BSD nm
configure:5126: checking whether ln -s works
configure:5130: result: yes
configure:5138: checking the maximum length of command line arguments
configure:5269: result: 1572864
configure:5286: checking whether the shell understands some XSI constructs
configure:5296: result: yes
configure:5300: checking whether the shell understands "+="
configure:5306: result: yes
configure:5341: checking how to convert x86_64-unknown-linux-gnu file names to x86_64-unknown-linux-gnu format
configure:5381: result: func_convert_file_noop
configure:5388: checking how to convert x86_64-unknown-linux-gnu file names to toolchain format
configure:5408: result: func_convert_file_noop
configure:5415: checking for /usr/bin/ld option to reload object files
configure:5422: result: -r
configure:5496: checking for objdump
configure:5512: found /usr/bin/objdump
configure:5523: result: objdump
configure:5555: checking how to recognize dependent libraries
configure:5753: result: pass_all
configure:5838: checking for dlltool
configure:5868: result: no
configure:5898: checking how to associate runtime and link libraries
configure:5925: result: printf %s\n
configure:6049: checking for archiver @FILE support
configure:6066: gcc -c -g -O2  conftest.c >&5
configure:6066: $? = 0
configure:6069: ar cru libconftest.a @conftest.lst >&5
configure:6072: $? = 0
configure:6077: ar cru libconftest.a @conftest.lst >&5
ar: conftest.o: No such file or directory
configure:6080: $? = 1
configure:6092: result: @
configure:6150: checking for strip
configure:6166: found /usr/bin/strip
configure:6177: result: strip
configure:6249: checking for ranlib
configure:6265: found /usr/bin/ranlib
configure:6276: result: ranlib
configure:6378: checking command to parse /usr/bin/nm -B output from gcc object
configure:6498: gcc -c -g -O2  conftest.c >&5
configure:6501: $? = 0
configure:6505: /usr/bin/nm -B conftest.o \| sed -n -e 's/^.*[ ]\([ABCDGIRSTW][ABCDGIRSTW]*\)[ ][ ]*\([_A-Za-z][_A-Za-z0-9]*\)$/\1 \2 \2/p' | sed '/ __gnu_lto/d' \> conftest.nm
configure:6508: $? = 0
configure:6574: gcc -o conftest -g -O2   conftest.c conftstm.o >&5
configure:6577: $? = 0
configure:6615: result: ok
configure:6652: checking for sysroot
configure:6682: result: no
configure:6759: gcc -c -g -O2  conftest.c >&5
configure:6762: $? = 0
configure:6951: checking for mt
configure:6967: found /bin/mt
configure:6978: result: mt
configure:7001: checking if mt is a manifest tool
configure:7007: mt '-?'
configure:7015: result: no
configure:7657: checking how to run the C preprocessor
configure:7688: gcc -E  conftest.c
configure:7688: $? = 0
configure:7702: gcc -E  conftest.c
conftest.c:11:28: fatal error: ac_nonexistent.h: No such file or directory
 #include <ac_nonexistent.h>
                            ^
compilation terminated.
configure:7702: $? = 1
configure: failed program was:
| /* confdefs.h */
| #define PACKAGE_NAME "FULL-PACKAGE-NAME"
| #define PACKAGE_TARNAME "full-package-name"
| #define PACKAGE_VERSION "VERSION"
| #define PACKAGE_STRING "FULL-PACKAGE-NAME VERSION"
| #define PACKAGE_BUGREPORT "BUG-REPORT-ADDRESS"
| #define PACKAGE_URL ""
| #define PACKAGE "full-package-name"
| #define VERSION "VERSION"
| /* end confdefs.h.  */
| #include <ac_nonexistent.h>
configure:7727: result: gcc -E
configure:7747: gcc -E  conftest.c
configure:7747: $? = 0
configure:7761: gcc -E  conftest.c
conftest.c:11:28: fatal error: ac_nonexistent.h: No such file or directory
 #include <ac_nonexistent.h>
                            ^
compilation terminated.
configure:7761: $? = 1
configure: failed program was:
| /* confdefs.h */
| #define PACKAGE_NAME "FULL-PACKAGE-NAME"
| #define PACKAGE_TARNAME "full-package-name"
| #define PACKAGE_VERSION "VERSION"
| #define PACKAGE_STRING "FULL-PACKAGE-NAME VERSION"
| #define PACKAGE_BUGREPORT "BUG-REPORT-ADDRESS"
| #define PACKAGE_URL ""
| #define PACKAGE "full-package-name"
| #define VERSION "VERSION"
| /* end confdefs.h.  */
| #include <ac_nonexistent.h>
configure:7790: checking for ANSI C header files
configure:7810: gcc -c -g -O2  conftest.c >&5
configure:7810: $? = 0
configure:7883: gcc -o conftest -g -O2   conftest.c  >&5
configure:7883: $? = 0
configure:7883: ./conftest
configure:7883: $? = 0
configure:7894: result: yes
configure:7907: checking for sys/types.h
configure:7907: gcc -c -g -O2  conftest.c >&5
configure:7907: $? = 0
configure:7907: result: yes
configure:7907: checking for sys/stat.h
configure:7907: gcc -c -g -O2  conftest.c >&5
configure:7907: $? = 0
configure:7907: result: yes
configure:7907: checking for stdlib.h
configure:7907: gcc -c -g -O2  conftest.c >&5
configure:7907: $? = 0
configure:7907: result: yes
configure:7907: checking for string.h
configure:7907: gcc -c -g -O2  conftest.c >&5
configure:7907: $? = 0
configure:7907: result: yes
configure:7907: checking for memory.h
configure:7907: gcc -c -g -O2  conftest.c >&5
configure:7907: $? = 0
configure:7907: result: yes
configure:7907: checking for strings.h
configure:7907: gcc -c -g -O2  conftest.c >&5
configure:7907: $? = 0
configure:7907: result: yes
configure:7907: checking for inttypes.h
configure:7907: gcc -c -g -O2  conftest.c >&5
configure:7907: $? = 0
configure:7907: result: yes
configure:7907: checking for stdint.h
configure:7907: gcc -c -g -O2  conftest.c >&5
configure:7907: $? = 0
configure:7907: result: yes
configure:7907: checking for unistd.h
configure:7907: gcc -c -g -O2  conftest.c >&5
configure:7907: $? = 0
configure:7907: result: yes
configure:7921: checking for dlfcn.h
configure:7921: gcc -c -g -O2  conftest.c >&5
configure:7921: $? = 0
configure:7921: result: yes
configure:8127: checking for objdir
configure:8142: result: .libs
configure:8413: checking if gcc supports -fno-rtti -fno-exceptions
configure:8431: gcc -c -g -O2  -fno-rtti -fno-exceptions conftest.c >&5
cc1: warning: command line option '-fno-rtti' is valid for C++/ObjC++ but not for C [enabled by default]
configure:8435: $? = 0
configure:8448: result: no
configure:8775: checking for gcc option to produce PIC
configure:8782: result: -fPIC -DPIC
configure:8790: checking if gcc PIC flag -fPIC -DPIC works
configure:8808: gcc -c -g -O2  -fPIC -DPIC -DPIC conftest.c >&5
configure:8812: $? = 0
configure:8825: result: yes
configure:8854: checking if gcc static flag -static works
configure:8882: result: yes
configure:8897: checking if gcc supports -c -o file.o
configure:8918: gcc -c -g -O2  -o out/conftest2.o conftest.c >&5
configure:8922: $? = 0
configure:8944: result: yes
configure:8952: checking if gcc supports -c -o file.o
configure:8999: result: yes
configure:9032: checking whether the gcc linker (/usr/bin/ld -m elf_x86_64) supports shared libraries
configure:10189: result: yes
configure:10226: checking whether -lc should be explicitly linked in
configure:10234: gcc -c -g -O2  conftest.c >&5
configure:10237: $? = 0
configure:10252: gcc -shared  -fPIC -DPIC conftest.o  -v -Wl,-soname -Wl,conftest -o conftest 2\>\&1 \| /bin/grep  -lc  \>/dev/null 2\>\&1
configure:10255: $? = 0
configure:10269: result: no
configure:10429: checking dynamic linker characteristics
configure:10929: gcc -o conftest -g -O2   -Wl,-rpath -Wl,/foo conftest.c  >&5
configure:10929: $? = 0
configure:11163: result: GNU/Linux ld.so
configure:11270: checking how to hardcode library paths into programs
configure:11295: result: immediate
configure:11835: checking whether stripping libraries is possible
configure:11840: result: yes
configure:11875: checking if libtool supports shared libraries
configure:11877: result: yes
configure:11880: checking whether to build shared libraries
configure:11901: result: yes
configure:11904: checking whether to build static libraries
configure:11908: result: yes
configure:12003: checking for g++
configure:12019: found /usr/bin/g++
configure:12030: result: g++
configure:12057: checking for C++ compiler version
configure:12066: g++ --version >&5
g++ (Ubuntu 4.8.2-19ubuntu1) 4.8.2
Copyright (C) 2013 Free Software Foundation, Inc.
This is free software; see the source for copying conditions.  There is NO
warranty; not even for MERCHANTABILITY or FITNESS FOR A PARTICULAR PURPOSE.

configure:12077: $? = 0
configure:12066: g++ -v >&5
Using built-in specs.
COLLECT_GCC=g++
COLLECT_LTO_WRAPPER=/usr/lib/gcc/x86_64-linux-gnu/4.8/lto-wrapper
Target: x86_64-linux-gnu
Configured with: ../src/configure -v --with-pkgversion='Ubuntu 4.8.2-19ubuntu1' --with-bugurl=file:///usr/share/doc/gcc-4.8/README.Bugs --enable-languages=c,c++,java,go,d,fortran,objc,obj-c++ --prefix=/usr --program-suffix=-4.8 --enable-shared --enable-linker-build-id --libexecdir=/usr/lib --without-included-gettext --enable-threads=posix --with-gxx-include-dir=/usr/include/c++/4.8 --libdir=/usr/lib --enable-nls --with-sysroot=/ --enable-clocale=gnu --enable-libstdcxx-debug --enable-libstdcxx-time=yes --enable-gnu-unique-object --disable-libmudflap --enable-plugin --with-system-zlib --disable-browser-plugin --enable-java-awt=gtk --enable-gtk-cairo --with-java-home=/usr/lib/jvm/java-1.5.0-gcj-4.8-amd64/jre --enable-java-home --with-jvm-root-dir=/usr/lib/jvm/java-1.5.0-gcj-4.8-amd64 --with-jvm-jar-dir=/usr/lib/jvm-exports/java-1.5.0-gcj-4.8-amd64 --with-arch-directory=amd64 --with-ecj-jar=/usr/share/java/eclipse-ecj.jar --enable-objc-gc --enable-multiarch --disable-werror --with-arch-32=i686 --with-abi=m64 --with-multilib-list=m32,m64,mx32 --with-tune=generic --enable-checking=release --build=x86_64-linux-gnu --host=x86_64-linux-gnu --target=x86_64-linux-gnu
Thread model: posix
gcc version 4.8.2 (Ubuntu 4.8.2-19ubuntu1) 
configure:12077: $? = 0
configure:12066: g++ -V >&5
g++: error: unrecognized command line option '-V'
g++: fatal error: no input files
compilation terminated.
configure:12077: $? = 4
configure:12066: g++ -qversion >&5
g++: error: unrecognized command line option '-qversion'
g++: fatal error: no input files
compilation terminated.
configure:12077: $? = 4
configure:12081: checking whether we are using the GNU C++ compiler
configure:12100: g++ -c   conftest.cpp >&5
configure:12100: $? = 0
configure:12109: result: yes
configure:12118: checking whether g++ accepts -g
configure:12138: g++ -c -g  conftest.cpp >&5
configure:12138: $? = 0
configure:12179: result: yes
configure:12204: checking dependency style of g++
configure:12315: result: gcc3
configure:12348: checking how to run the C++ preprocessor
configure:12375: g++ -E  conftest.cpp
configure:12375: $? = 0
configure:12389: g++ -E  conftest.cpp
conftest.cpp:23:28: fatal error: ac_nonexistent.h: No such file or directory
 #include <ac_nonexistent.h>
                            ^
compilation terminated.
configure:12389: $? = 1
configure: failed program was:
| /* confdefs.h */
| #define PACKAGE_NAME "FULL-PACKAGE-NAME"
| #define PACKAGE_TARNAME "full-package-name"
| #define PACKAGE_VERSION "VERSION"
| #define PACKAGE_STRING "FULL-PACKAGE-NAME VERSION"
| #define PACKAGE_BUGREPORT "BUG-REPORT-ADDRESS"
| #define PACKAGE_URL ""
| #define PACKAGE "full-package-name"
| #define VERSION "VERSION"
| #define STDC_HEADERS 1
| #define HAVE_SYS_TYPES_H 1
| #define HAVE_SYS_STAT_H 1
| #define HAVE_STDLIB_H 1
| #define HAVE_STRING_H 1
| #define HAVE_MEMORY_H 1
| #define HAVE_STRINGS_H 1
| #define HAVE_INTTYPES_H 1
| #define HAVE_STDINT_H 1
| #define HAVE_UNISTD_H 1
| #define HAVE_DLFCN_H 1
| #define LT_OBJDIR ".libs/"
| /* end confdefs.h.  */
| #include <ac_nonexistent.h>
configure:12414: result: g++ -E
configure:12434: g++ -E  conftest.cpp
configure:12434: $? = 0
configure:12448: g++ -E  conftest.cpp
conftest.cpp:23:28: fatal error: ac_nonexistent.h: No such file or directory
 #include <ac_nonexistent.h>
                            ^
compilation terminated.
configure:12448: $? = 1
configure: failed program was:
| /* confdefs.h */
| #define PACKAGE_NAME "FULL-PACKAGE-NAME"
| #define PACKAGE_TARNAME "full-package-name"
| #define PACKAGE_VERSION "VERSION"
| #define PACKAGE_STRING "FULL-PACKAGE-NAME VERSION"
| #define PACKAGE_BUGREPORT "BUG-REPORT-ADDRESS"
| #define PACKAGE_URL ""
| #define PACKAGE "full-package-name"
| #define VERSION "VERSION"
| #define STDC_HEADERS 1
| #define HAVE_SYS_TYPES_H 1
| #define HAVE_SYS_STAT_H 1
| #define HAVE_STDLIB_H 1
| #define HAVE_STRING_H 1
| #define HAVE_MEMORY_H 1
| #define HAVE_STRINGS_H 1
| #define HAVE_INTTYPES_H 1
| #define HAVE_STDINT_H 1
| #define HAVE_UNISTD_H 1
| #define HAVE_DLFCN_H 1
| #define LT_OBJDIR ".libs/"
| /* end confdefs.h.  */
| #include <ac_nonexistent.h>
configure:12617: checking for ld used by g++
configure:12684: result: /usr/bin/ld -m elf_x86_64
configure:12691: checking if the linker (/usr/bin/ld -m elf_x86_64) is GNU ld
configure:12706: result: yes
configure:12761: checking whether the g++ linker (/usr/bin/ld -m elf_x86_64) supports shared libraries
configure:13763: result: yes
configure:13799: g++ -c -g -O2  conftest.cpp >&5
configure:13802: $? = 0
configure:14322: checking for g++ option to produce PIC
configure:14329: result: -fPIC -DPIC
configure:14337: checking if g++ PIC flag -fPIC -DPIC works
configure:14355: g++ -c -g -O2  -fPIC -DPIC -DPIC conftest.cpp >&5
configure:14359: $? = 0
configure:14372: result: yes
configure:14395: checking if g++ static flag -static works
configure:14423: result: yes
configure:14435: checking if g++ supports -c -o file.o
configure:14456: g++ -c -g -O2  -o out/conftest2.o conftest.cpp >&5
configure:14460: $? = 0
configure:14482: result: yes
configure:14487: checking if g++ supports -c -o file.o
configure:14534: result: yes
configure:14564: checking whether the g++ linker (/usr/bin/ld -m elf_x86_64) supports shared libraries
configure:14603: result: yes
configure:14744: checking dynamic linker characteristics
configure:15412: result: GNU/Linux ld.so
configure:15465: checking how to hardcode library paths into programs
configure:15490: result: immediate
configure:15534: checking for gawk
configure:15561: result: gawk
configure:15620: checking for gcc
configure:15647: result: gcc
configure:15876: checking for C compiler version
configure:15885: gcc --version >&5
gcc (Ubuntu 4.8.2-19ubuntu1) 4.8.2
Copyright (C) 2013 Free Software Foundation, Inc.
This is free software; see the source for copying conditions.  There is NO
warranty; not even for MERCHANTABILITY or FITNESS FOR A PARTICULAR PURPOSE.

configure:15896: $? = 0
configure:15885: gcc -v >&5
Using built-in specs.
COLLECT_GCC=gcc
COLLECT_LTO_WRAPPER=/usr/lib/gcc/x86_64-linux-gnu/4.8/lto-wrapper
Target: x86_64-linux-gnu
Configured with: ../src/configure -v --with-pkgversion='Ubuntu 4.8.2-19ubuntu1' --with-bugurl=file:///usr/share/doc/gcc-4.8/README.Bugs --enable-languages=c,c++,java,go,d,fortran,objc,obj-c++ --prefix=/usr --program-suffix=-4.8 --enable-shared --enable-linker-build-id --libexecdir=/usr/lib --without-included-gettext --enable-threads=posix --with-gxx-include-dir=/usr/include/c++/4.8 --libdir=/usr/lib --enable-nls --with-sysroot=/ --enable-clocale=gnu --enable-libstdcxx-debug --enable-libstdcxx-time=yes --enable-gnu-unique-object --disable-libmudflap --enable-plugin --with-system-zlib --disable-browser-plugin --enable-java-awt=gtk --enable-gtk-cairo --with-java-home=/usr/lib/jvm/java-1.5.0-gcj-4.8-amd64/jre --enable-java-home --with-jvm-root-dir=/usr/lib/jvm/java-1.5.0-gcj-4.8-amd64 --with-jvm-jar-dir=/usr/lib/jvm-exports/java-1.5.0-gcj-4.8-amd64 --with-arch-directory=amd64 --with-ecj-jar=/usr/share/java/eclipse-ecj.jar --enable-objc-gc --enable-multiarch --disable-werror --with-arch-32=i686 --with-abi=m64 --with-multilib-list=m32,m64,mx32 --with-tune=generic --enable-checking=release --build=x86_64-linux-gnu --host=x86_64-linux-gnu --target=x86_64-linux-gnu
Thread model: posix
gcc version 4.8.2 (Ubuntu 4.8.2-19ubuntu1) 
configure:15896: $? = 0
configure:15885: gcc -V >&5
gcc: error: unrecognized command line option '-V'
gcc: fatal error: no input files
compilation terminated.
configure:15896: $? = 4
configure:15885: gcc -qversion >&5
gcc: error: unrecognized command line option '-qversion'
gcc: fatal error: no input files
compilation terminated.
configure:15896: $? = 4
configure:15900: checking whether we are using the GNU C compiler
configure:15928: result: yes
configure:15937: checking whether gcc accepts -g
configure:15998: result: yes
configure:16015: checking for gcc option to accept ISO C89
configure:16091: result: none needed
configure:16116: checking whether gcc understands -c and -o together
configure:16153: result: yes
configure:16172: checking dependency style of gcc
configure:16283: result: gcc3
configure:16303: checking how to run the C preprocessor
configure:16373: result: gcc -E
configure:16393: gcc -E  conftest.c
configure:16393: $? = 0
configure:16407: gcc -E  conftest.c
conftest.c:23:28: fatal error: ac_nonexistent.h: No such file or directory
 #include <ac_nonexistent.h>
                            ^
compilation terminated.
configure:16407: $? = 1
configure: failed program was:
| /* confdefs.h */
| #define PACKAGE_NAME "FULL-PACKAGE-NAME"
| #define PACKAGE_TARNAME "full-package-name"
| #define PACKAGE_VERSION "VERSION"
| #define PACKAGE_STRING "FULL-PACKAGE-NAME VERSION"
| #define PACKAGE_BUGREPORT "BUG-REPORT-ADDRESS"
| #define PACKAGE_URL ""
| #define PACKAGE "full-package-name"
| #define VERSION "VERSION"
| #define STDC_HEADERS 1
| #define HAVE_SYS_TYPES_H 1
| #define HAVE_SYS_STAT_H 1
| #define HAVE_STDLIB_H 1
| #define HAVE_STRING_H 1
| #define HAVE_MEMORY_H 1
| #define HAVE_STRINGS_H 1
| #define HAVE_INTTYPES_H 1
| #define HAVE_STDINT_H 1
| #define HAVE_UNISTD_H 1
| #define HAVE_DLFCN_H 1
| #define LT_OBJDIR ".libs/"
| /* end confdefs.h.  */
| #include <ac_nonexistent.h>
configure:16436: checking whether ln -s works
configure:16440: result: yes
configure:16447: checking whether make sets $(MAKE)
configure:16469: result: yes
configure:16521: checking for ranlib
configure:16548: result: ranlib
configure:16573: checking for main in -lcurl
configure:16592: gcc -o conftest -g -O2   conftest.c -lcurl   >&5
configure:16592: $? = 0
configure:16601: result: yes
configure:16613: checking for main in -ldl
configure:16632: gcc -o conftest -g -O2   conftest.c -ldl  -lcurl  >&5
configure:16632: $? = 0
configure:16641: result: yes
configure:16653: checking for main in -lgrab
configure:16672: gcc -o conftest -g -O2   conftest.c -lgrab  -ldl -lcurl  >&5
/usr/bin/ld: cannot find -lgrab
collect2: error: ld returned 1 exit status
configure:16672: $? = 1
configure: failed program was:
| /* confdefs.h */
| #define PACKAGE_NAME "FULL-PACKAGE-NAME"
| #define PACKAGE_TARNAME "full-package-name"
| #define PACKAGE_VERSION "VERSION"
| #define PACKAGE_STRING "FULL-PACKAGE-NAME VERSION"
| #define PACKAGE_BUGREPORT "BUG-REPORT-ADDRESS"
| #define PACKAGE_URL ""
| #define PACKAGE "full-package-name"
| #define VERSION "VERSION"
| #define STDC_HEADERS 1
| #define HAVE_SYS_TYPES_H 1
| #define HAVE_SYS_STAT_H 1
| #define HAVE_STDLIB_H 1
| #define HAVE_STRING_H 1
| #define HAVE_MEMORY_H 1
| #define HAVE_STRINGS_H 1
| #define HAVE_INTTYPES_H 1
| #define HAVE_STDINT_H 1
| #define HAVE_UNISTD_H 1
| #define HAVE_DLFCN_H 1
| #define LT_OBJDIR ".libs/"
| #define HAVE_LIBCURL 1
| #define HAVE_LIBDL 1
| /* end confdefs.h.  */
| 
| 
| int
| main ()
| {
| return main ();
|   ;
|   return 0;
| }
configure:16681: result: no
configure:16693: checking for main in -lm
configure:16712: gcc -o conftest -g -O2   conftest.c -lm  -ldl -lcurl  >&5
configure:16712: $? = 0
configure:16721: result: yes
configure:16733: checking for main in -lmysql
configure:16752: gcc -o conftest -g -O2   conftest.c -lmysql  -lm -ldl -lcurl  >&5
/usr/bin/ld: cannot find -lmysql
collect2: error: ld returned 1 exit status
configure:16752: $? = 1
configure: failed program was:
| /* confdefs.h */
| #define PACKAGE_NAME "FULL-PACKAGE-NAME"
| #define PACKAGE_TARNAME "full-package-name"
| #define PACKAGE_VERSION "VERSION"
| #define PACKAGE_STRING "FULL-PACKAGE-NAME VERSION"
| #define PACKAGE_BUGREPORT "BUG-REPORT-ADDRESS"
| #define PACKAGE_URL ""
| #define PACKAGE "full-package-name"
| #define VERSION "VERSION"
| #define STDC_HEADERS 1
| #define HAVE_SYS_TYPES_H 1
| #define HAVE_SYS_STAT_H 1
| #define HAVE_STDLIB_H 1
| #define HAVE_STRING_H 1
| #define HAVE_MEMORY_H 1
| #define HAVE_STRINGS_H 1
| #define HAVE_INTTYPES_H 1
| #define HAVE_STDINT_H 1
| #define HAVE_UNISTD_H 1
| #define HAVE_DLFCN_H 1
| #define LT_OBJDIR ".libs/"
| #define HAVE_LIBCURL 1
| #define HAVE_LIBDL 1
| #define HAVE_LIBM 1
| /* end confdefs.h.  */
| 
| 
| int
| main ()
| {
| return main ();
|   ;
|   return 0;
| }
configure:16761: result: no
configure:16773: checking for main in -lmysqlclient
configure:16792: gcc -o conftest -g -O2   conftest.c -lmysqlclient  -lm -ldl -lcurl  >&5
configure:16792: $? = 0
configure:16801: result: yes
configure:16813: checking for main in -lpthread
configure:16832: gcc -o conftest -g -O2   conftest.c -lpthread  -lmysqlclient -lm -ldl -lcurl  >&5
configure:16832: $? = 0
configure:16841: result: yes
configure:16853: checking for main in -lserver
configure:16872: gcc -o conftest -g -O2   conftest.c -lserver  -lpthread -lmysqlclient -lm -ldl -lcurl  >&5
/usr/bin/ld: cannot find -lserver
collect2: error: ld returned 1 exit status
configure:16872: $? = 1
configure: failed program was:
| /* confdefs.h */
| #define PACKAGE_NAME "FULL-PACKAGE-NAME"
| #define PACKAGE_TARNAME "full-package-name"
| #define PACKAGE_VERSION "VERSION"
| #define PACKAGE_STRING "FULL-PACKAGE-NAME VERSION"
| #define PACKAGE_BUGREPORT "BUG-REPORT-ADDRESS"
| #define PACKAGE_URL ""
| #define PACKAGE "full-package-name"
| #define VERSION "VERSION"
| #define STDC_HEADERS 1
| #define HAVE_SYS_TYPES_H 1
| #define HAVE_SYS_STAT_H 1
| #define HAVE_STDLIB_H 1
| #define HAVE_STRING_H 1
| #define HAVE_MEMORY_H 1
| #define HAVE_STRINGS_H 1
| #define HAVE_INTTYPES_H 1
| #define HAVE_STDINT_H 1
| #define HAVE_UNISTD_H 1
| #define HAVE_DLFCN_H 1
| #define LT_OBJDIR ".libs/"
| #define HAVE_LIBCURL 1
| #define HAVE_LIBDL 1
| #define HAVE_LIBM 1
| #define HAVE_LIBMYSQLCLIENT 1
| #define HAVE_LIBPTHREAD 1
| /* end confdefs.h.  */
| 
| 
| int
| main ()
| {
| return main ();
|   ;
|   return 0;
| }
configure:16881: result: no
configure:16893: checking for main in -lthreadManage
configure:16912: gcc -o conftest -g -O2   conftest.c -lthreadManage  -lpthread -lmysqlclient -lm -ldl -lcurl  >&5
/usr/bin/ld: cannot find -lthreadManage
collect2: error: ld returned 1 exit status
configure:16912: $? = 1
configure: failed program was:
| /* confdefs.h */
| #define PACKAGE_NAME "FULL-PACKAGE-NAME"
| #define PACKAGE_TARNAME "full-package-name"
| #define PACKAGE_VERSION "VERSION"
| #define PACKAGE_STRING "FULL-PACKAGE-NAME VERSION"
| #define PACKAGE_BUGREPORT "BUG-REPORT-ADDRESS"
| #define PACKAGE_URL ""
| #define PACKAGE "full-package-name"
| #define VERSION "VERSION"
| #define STDC_HEADERS 1
| #define HAVE_SYS_TYPES_H 1
| #define HAVE_SYS_STAT_H 1
| #define HAVE_STDLIB_H 1
| #define HAVE_STRING_H 1
| #define HAVE_MEMORY_H 1
| #define HAVE_STRINGS_H 1
| #define HAVE_INTTYPES_H 1
| #define HAVE_STDINT_H 1
| #define HAVE_UNISTD_H 1
| #define HAVE_DLFCN_H 1
| #define LT_OBJDIR ".libs/"
| #define HAVE_LIBCURL 1
| #define HAVE_LIBDL 1
| #define HAVE_LIBM 1
| #define HAVE_LIBMYSQLCLIENT 1
| #define HAVE_LIBPTHREAD 1
| /* end confdefs.h.  */
| 
| 
| int
| main ()
| {
| return main ();
|   ;
|   return 0;
| }
configure:16921: result: no
configure:16933: checking for main in -lthrift
configure:16952: gcc -o conftest -g -O2   conftest.c -lthrift  -lpthread -lmysqlclient -lm -ldl -lcurl  >&5
configure:16952: $? = 0
configure:16961: result: yes
configure:16973: checking for main in -lutils
configure:16992: gcc -o conftest -g -O2   conftest.c -lutils  -lthrift -lpthread -lmysqlclient -lm -ldl -lcurl  >&5
/usr/bin/ld: cannot find -lutils
collect2: error: ld returned 1 exit status
configure:16992: $? = 1
configure: failed program was:
| /* confdefs.h */
| #define PACKAGE_NAME "FULL-PACKAGE-NAME"
| #define PACKAGE_TARNAME "full-package-name"
| #define PACKAGE_VERSION "VERSION"
| #define PACKAGE_STRING "FULL-PACKAGE-NAME VERSION"
| #define PACKAGE_BUGREPORT "BUG-REPORT-ADDRESS"
| #define PACKAGE_URL ""
| #define PACKAGE "full-package-name"
| #define VERSION "VERSION"
| #define STDC_HEADERS 1
| #define HAVE_SYS_TYPES_H 1
| #define HAVE_SYS_STAT_H 1
| #define HAVE_STDLIB_H 1
| #define HAVE_STRING_H 1
| #define HAVE_MEMORY_H 1
| #define HAVE_STRINGS_H 1
| #define HAVE_INTTYPES_H 1
| #define HAVE_STDINT_H 1
| #define HAVE_UNISTD_H 1
| #define HAVE_DLFCN_H 1
| #define LT_OBJDIR ".libs/"
| #define HAVE_LIBCURL 1
| #define HAVE_LIBDL 1
| #define HAVE_LIBM 1
| #define HAVE_LIBMYSQLCLIENT 1
| #define HAVE_LIBPTHREAD 1
| #define HAVE_LIBTHRIFT 1
| /* end confdefs.h.  */
| 
| 
| int
| main ()
| {
| return main ();
|   ;
|   return 0;
| }
configure:17001: result: no
configure:17013: checking for main in -lxml2
configure:17032: gcc -o conftest -g -O2   conftest.c -lxml2  -lthrift -lpthread -lmysqlclient -lm -ldl -lcurl  >&5
configure:17032: $? = 0
configure:17041: result: yes
configure:17057: checking fcntl.h usability
configure:17057: gcc -c -g -O2  conftest.c >&5
configure:17057: $? = 0
configure:17057: result: yes
configure:17057: checking fcntl.h presence
configure:17057: gcc -E  conftest.c
configure:17057: $? = 0
configure:17057: result: yes
configure:17057: checking for fcntl.h
configure:17057: result: yes
configure:17057: checking for stdint.h
configure:17057: result: yes
configure:17057: checking for stdlib.h
configure:17057: result: yes
configure:17057: checking for string.h
configure:17057: result: yes
configure:17057: checking for unistd.h
configure:17057: result: yes
configure:17069: checking for stdbool.h that conforms to C99
configure:17136: gcc -c -g -O2  conftest.c >&5
configure:17136: $? = 0
configure:17143: result: yes
configure:17145: checking for _Bool
configure:17145: gcc -c -g -O2  conftest.c >&5
configure:17145: $? = 0
configure:17145: gcc -c -g -O2  conftest.c >&5
conftest.c: In function 'main':
conftest.c:71:20: error: expected expression before ')' token
 if (sizeof ((_Bool)))
                    ^
configure:17145: $? = 1
configure: failed program was:
| /* confdefs.h */
| #define PACKAGE_NAME "FULL-PACKAGE-NAME"
| #define PACKAGE_TARNAME "full-package-name"
| #define PACKAGE_VERSION "VERSION"
| #define PACKAGE_STRING "FULL-PACKAGE-NAME VERSION"
| #define PACKAGE_BUGREPORT "BUG-REPORT-ADDRESS"
| #define PACKAGE_URL ""
| #define PACKAGE "full-package-name"
| #define VERSION "VERSION"
| #define STDC_HEADERS 1
| #define HAVE_SYS_TYPES_H 1
| #define HAVE_SYS_STAT_H 1
| #define HAVE_STDLIB_H 1
| #define HAVE_STRING_H 1
| #define HAVE_MEMORY_H 1
| #define HAVE_STRINGS_H 1
| #define HAVE_INTTYPES_H 1
| #define HAVE_STDINT_H 1
| #define HAVE_UNISTD_H 1
| #define HAVE_DLFCN_H 1
| #define LT_OBJDIR ".libs/"
| #define HAVE_LIBCURL 1
| #define HAVE_LIBDL 1
| #define HAVE_LIBM 1
| #define HAVE_LIBMYSQLCLIENT 1
| #define HAVE_LIBPTHREAD 1
| #define HAVE_LIBTHRIFT 1
| #define HAVE_LIBXML2 1
| #define HAVE_FCNTL_H 1
| #define HAVE_STDINT_H 1
| #define HAVE_STDLIB_H 1
| #define HAVE_STRING_H 1
| #define HAVE_UNISTD_H 1
| /* end confdefs.h.  */
| #include <stdio.h>
| #ifdef HAVE_SYS_TYPES_H
| # include <sys/types.h>
| #endif
| #ifdef HAVE_SYS_STAT_H
| # include <sys/stat.h>
| #endif
| #ifdef STDC_HEADERS
| # include <stdlib.h>
| # include <stddef.h>
| #else
| # ifdef HAVE_STDLIB_H
| #  include <stdlib.h>
| # endif
| #endif
| #ifdef HAVE_STRING_H
| # if !defined STDC_HEADERS && defined HAVE_MEMORY_H
| #  include <memory.h>
| # endif
| # include <string.h>
| #endif
| #ifdef HAVE_STRINGS_H
| # include <strings.h>
| #endif
| #ifdef HAVE_INTTYPES_H
| # include <inttypes.h>
| #endif
| #ifdef HAVE_STDINT_H
| # include <stdint.h>
| #endif
| #ifdef HAVE_UNISTD_H
| # include <unistd.h>
| #endif
| int
| main ()
| {
| if (sizeof ((_Bool)))
| 	    return 0;
|   ;
|   return 0;
| }
configure:17145: result: yes
configure:17156: checking for int16_t
configure:17156: gcc -c -g -O2  conftest.c >&5
configure:17156: $? = 0
configure:17156: gcc -c -g -O2  conftest.c >&5
conftest.c: In function 'main':
conftest.c:73:12: error: size of array 'test_array' is negative
 static int test_array [1 - 2 * !((int16_t) (((((int16_t) 1 << N) << N) - 1) * 2 + 1)
            ^
configure:17156: $? = 1
configure: failed program was:
| /* confdefs.h */
| #define PACKAGE_NAME "FULL-PACKAGE-NAME"
| #define PACKAGE_TARNAME "full-package-name"
| #define PACKAGE_VERSION "VERSION"
| #define PACKAGE_STRING "FULL-PACKAGE-NAME VERSION"
| #define PACKAGE_BUGREPORT "BUG-REPORT-ADDRESS"
| #define PACKAGE_URL ""
| #define PACKAGE "full-package-name"
| #define VERSION "VERSION"
| #define STDC_HEADERS 1
| #define HAVE_SYS_TYPES_H 1
| #define HAVE_SYS_STAT_H 1
| #define HAVE_STDLIB_H 1
| #define HAVE_STRING_H 1
| #define HAVE_MEMORY_H 1
| #define HAVE_STRINGS_H 1
| #define HAVE_INTTYPES_H 1
| #define HAVE_STDINT_H 1
| #define HAVE_UNISTD_H 1
| #define HAVE_DLFCN_H 1
| #define LT_OBJDIR ".libs/"
| #define HAVE_LIBCURL 1
| #define HAVE_LIBDL 1
| #define HAVE_LIBM 1
| #define HAVE_LIBMYSQLCLIENT 1
| #define HAVE_LIBPTHREAD 1
| #define HAVE_LIBTHRIFT 1
| #define HAVE_LIBXML2 1
| #define HAVE_FCNTL_H 1
| #define HAVE_STDINT_H 1
| #define HAVE_STDLIB_H 1
| #define HAVE_STRING_H 1
| #define HAVE_UNISTD_H 1
| #define HAVE__BOOL 1
| /* end confdefs.h.  */
| #include <stdio.h>
| #ifdef HAVE_SYS_TYPES_H
| # include <sys/types.h>
| #endif
| #ifdef HAVE_SYS_STAT_H
| # include <sys/stat.h>
| #endif
| #ifdef STDC_HEADERS
| # include <stdlib.h>
| # include <stddef.h>
| #else
| # ifdef HAVE_STDLIB_H
| #  include <stdlib.h>
| # endif
| #endif
| #ifdef HAVE_STRING_H
| # if !defined STDC_HEADERS && defined HAVE_MEMORY_H
| #  include <memory.h>
| # endif
| # include <string.h>
| #endif
| #ifdef HAVE_STRINGS_H
| # include <strings.h>
| #endif
| #ifdef HAVE_INTTYPES_H
| # include <inttypes.h>
| #endif
| #ifdef HAVE_STDINT_H
| # include <stdint.h>
| #endif
| #ifdef HAVE_UNISTD_H
| # include <unistd.h>
| #endif
| 	        enum { N = 16 / 2 - 1 };
| int
| main ()
| {
| static int test_array [1 - 2 * !((int16_t) (((((int16_t) 1 << N) << N) - 1) * 2 + 1)
| 		 < (int16_t) (((((int16_t) 1 << N) << N) - 1) * 2 + 2))];
| test_array [0] = 0;
| return test_array [0];
| 
|   ;
|   return 0;
| }
configure:17156: result: yes
configure:17167: checking for int32_t
configure:17167: gcc -c -g -O2  conftest.c >&5
configure:17167: $? = 0
configure:17167: gcc -c -g -O2  conftest.c >&5
conftest.c: In function 'main':
conftest.c:74:53: warning: integer overflow in expression [-Woverflow]
    < (int32_t) (((((int32_t) 1 << N) << N) - 1) * 2 + 2))];
                                                     ^
conftest.c:73:12: error: storage size of 'test_array' isn't constant
 static int test_array [1 - 2 * !((int32_t) (((((int32_t) 1 << N) << N) - 1) * 2 + 1)
            ^
configure:17167: $? = 1
configure: failed program was:
| /* confdefs.h */
| #define PACKAGE_NAME "FULL-PACKAGE-NAME"
| #define PACKAGE_TARNAME "full-package-name"
| #define PACKAGE_VERSION "VERSION"
| #define PACKAGE_STRING "FULL-PACKAGE-NAME VERSION"
| #define PACKAGE_BUGREPORT "BUG-REPORT-ADDRESS"
| #define PACKAGE_URL ""
| #define PACKAGE "full-package-name"
| #define VERSION "VERSION"
| #define STDC_HEADERS 1
| #define HAVE_SYS_TYPES_H 1
| #define HAVE_SYS_STAT_H 1
| #define HAVE_STDLIB_H 1
| #define HAVE_STRING_H 1
| #define HAVE_MEMORY_H 1
| #define HAVE_STRINGS_H 1
| #define HAVE_INTTYPES_H 1
| #define HAVE_STDINT_H 1
| #define HAVE_UNISTD_H 1
| #define HAVE_DLFCN_H 1
| #define LT_OBJDIR ".libs/"
| #define HAVE_LIBCURL 1
| #define HAVE_LIBDL 1
| #define HAVE_LIBM 1
| #define HAVE_LIBMYSQLCLIENT 1
| #define HAVE_LIBPTHREAD 1
| #define HAVE_LIBTHRIFT 1
| #define HAVE_LIBXML2 1
| #define HAVE_FCNTL_H 1
| #define HAVE_STDINT_H 1
| #define HAVE_STDLIB_H 1
| #define HAVE_STRING_H 1
| #define HAVE_UNISTD_H 1
| #define HAVE__BOOL 1
| /* end confdefs.h.  */
| #include <stdio.h>
| #ifdef HAVE_SYS_TYPES_H
| # include <sys/types.h>
| #endif
| #ifdef HAVE_SYS_STAT_H
| # include <sys/stat.h>
| #endif
| #ifdef STDC_HEADERS
| # include <stdlib.h>
| # include <stddef.h>
| #else
| # ifdef HAVE_STDLIB_H
| #  include <stdlib.h>
| # endif
| #endif
| #ifdef HAVE_STRING_H
| # if !defined STDC_HEADERS && defined HAVE_MEMORY_H
| #  include <memory.h>
| # endif
| # include <string.h>
| #endif
| #ifdef HAVE_STRINGS_H
| # include <strings.h>
| #endif
| #ifdef HAVE_INTTYPES_H
| # include <inttypes.h>
| #endif
| #ifdef HAVE_STDINT_H
| # include <stdint.h>
| #endif
| #ifdef HAVE_UNISTD_H
| # include <unistd.h>
| #endif
| 	        enum { N = 32 / 2 - 1 };
| int
| main ()
| {
| static int test_array [1 - 2 * !((int32_t) (((((int32_t) 1 << N) << N) - 1) * 2 + 1)
| 		 < (int32_t) (((((int32_t) 1 << N) << N) - 1) * 2 + 2))];
| test_array [0] = 0;
| return test_array [0];
| 
|   ;
|   return 0;
| }
configure:17167: result: yes
configure:17178: checking for size_t
configure:17178: gcc -c -g -O2  conftest.c >&5
configure:17178: $? = 0
configure:17178: gcc -c -g -O2  conftest.c >&5
conftest.c: In function 'main':
conftest.c:72:21: error: expected expression before ')' token
 if (sizeof ((size_t)))
                     ^
configure:17178: $? = 1
configure: failed program was:
| /* confdefs.h */
| #define PACKAGE_NAME "FULL-PACKAGE-NAME"
| #define PACKAGE_TARNAME "full-package-name"
| #define PACKAGE_VERSION "VERSION"
| #define PACKAGE_STRING "FULL-PACKAGE-NAME VERSION"
| #define PACKAGE_BUGREPORT "BUG-REPORT-ADDRESS"
| #define PACKAGE_URL ""
| #define PACKAGE "full-package-name"
| #define VERSION "VERSION"
| #define STDC_HEADERS 1
| #define HAVE_SYS_TYPES_H 1
| #define HAVE_SYS_STAT_H 1
| #define HAVE_STDLIB_H 1
| #define HAVE_STRING_H 1
| #define HAVE_MEMORY_H 1
| #define HAVE_STRINGS_H 1
| #define HAVE_INTTYPES_H 1
| #define HAVE_STDINT_H 1
| #define HAVE_UNISTD_H 1
| #define HAVE_DLFCN_H 1
| #define LT_OBJDIR ".libs/"
| #define HAVE_LIBCURL 1
| #define HAVE_LIBDL 1
| #define HAVE_LIBM 1
| #define HAVE_LIBMYSQLCLIENT 1
| #define HAVE_LIBPTHREAD 1
| #define HAVE_LIBTHRIFT 1
| #define HAVE_LIBXML2 1
| #define HAVE_FCNTL_H 1
| #define HAVE_STDINT_H 1
| #define HAVE_STDLIB_H 1
| #define HAVE_STRING_H 1
| #define HAVE_UNISTD_H 1
| #define HAVE__BOOL 1
| /* end confdefs.h.  */
| #include <stdio.h>
| #ifdef HAVE_SYS_TYPES_H
| # include <sys/types.h>
| #endif
| #ifdef HAVE_SYS_STAT_H
| # include <sys/stat.h>
| #endif
| #ifdef STDC_HEADERS
| # include <stdlib.h>
| # include <stddef.h>
| #else
| # ifdef HAVE_STDLIB_H
| #  include <stdlib.h>
| # endif
| #endif
| #ifdef HAVE_STRING_H
| # if !defined STDC_HEADERS && defined HAVE_MEMORY_H
| #  include <memory.h>
| # endif
| # include <string.h>
| #endif
| #ifdef HAVE_STRINGS_H
| # include <strings.h>
| #endif
| #ifdef HAVE_INTTYPES_H
| # include <inttypes.h>
| #endif
| #ifdef HAVE_STDINT_H
| # include <stdint.h>
| #endif
| #ifdef HAVE_UNISTD_H
| # include <unistd.h>
| #endif
| int
| main ()
| {
| if (sizeof ((size_t)))
| 	    return 0;
|   ;
|   return 0;
| }
configure:17178: result: yes
configure:17189: checking for ssize_t
configure:17189: gcc -c -g -O2  conftest.c >&5
configure:17189: $? = 0
configure:17189: gcc -c -g -O2  conftest.c >&5
conftest.c: In function 'main':
conftest.c:72:22: error: expected expression before ')' token
 if (sizeof ((ssize_t)))
                      ^
configure:17189: $? = 1
configure: failed program was:
| /* confdefs.h */
| #define PACKAGE_NAME "FULL-PACKAGE-NAME"
| #define PACKAGE_TARNAME "full-package-name"
| #define PACKAGE_VERSION "VERSION"
| #define PACKAGE_STRING "FULL-PACKAGE-NAME VERSION"
| #define PACKAGE_BUGREPORT "BUG-REPORT-ADDRESS"
| #define PACKAGE_URL ""
| #define PACKAGE "full-package-name"
| #define VERSION "VERSION"
| #define STDC_HEADERS 1
| #define HAVE_SYS_TYPES_H 1
| #define HAVE_SYS_STAT_H 1
| #define HAVE_STDLIB_H 1
| #define HAVE_STRING_H 1
| #define HAVE_MEMORY_H 1
| #define HAVE_STRINGS_H 1
| #define HAVE_INTTYPES_H 1
| #define HAVE_STDINT_H 1
| #define HAVE_UNISTD_H 1
| #define HAVE_DLFCN_H 1
| #define LT_OBJDIR ".libs/"
| #define HAVE_LIBCURL 1
| #define HAVE_LIBDL 1
| #define HAVE_LIBM 1
| #define HAVE_LIBMYSQLCLIENT 1
| #define HAVE_LIBPTHREAD 1
| #define HAVE_LIBTHRIFT 1
| #define HAVE_LIBXML2 1
| #define HAVE_FCNTL_H 1
| #define HAVE_STDINT_H 1
| #define HAVE_STDLIB_H 1
| #define HAVE_STRING_H 1
| #define HAVE_UNISTD_H 1
| #define HAVE__BOOL 1
| /* end confdefs.h.  */
| #include <stdio.h>
| #ifdef HAVE_SYS_TYPES_H
| # include <sys/types.h>
| #endif
| #ifdef HAVE_SYS_STAT_H
| # include <sys/stat.h>
| #endif
| #ifdef STDC_HEADERS
| # include <stdlib.h>
| # include <stddef.h>
| #else
| # ifdef HAVE_STDLIB_H
| #  include <stdlib.h>
| # endif
| #endif
| #ifdef HAVE_STRING_H
| # if !defined STDC_HEADERS && defined HAVE_MEMORY_H
| #  include <memory.h>
| # endif
| # include <string.h>
| #endif
| #ifdef HAVE_STRINGS_H
| # include <strings.h>
| #endif
| #ifdef HAVE_INTTYPES_H
| # include <inttypes.h>
| #endif
| #ifdef HAVE_STDINT_H
| # include <stdint.h>
| #endif
| #ifdef HAVE_UNISTD_H
| # include <unistd.h>
| #endif
| int
| main ()
| {
| if (sizeof ((ssize_t)))
| 	    return 0;
|   ;
|   return 0;
| }
configure:17189: result: yes
configure:17200: checking for uint32_t
configure:17200: gcc -c -g -O2  conftest.c >&5
configure:17200: $? = 0
configure:17200: result: yes
configure:17214: checking for uint8_t
configure:17214: gcc -c -g -O2  conftest.c >&5
configure:17214: $? = 0
configure:17214: result: yes
configure:17232: checking for stdlib.h
configure:17232: result: yes
configure:17242: checking for GNU libc compatible malloc
configure:17266: gcc -o conftest -g -O2   conftest.c -lxml2 -lthrift -lpthread -lmysqlclient -lm -ldl -lcurl  >&5
configure:17266: $? = 0
configure:17266: ./conftest
configure:17266: $? = 0
configure:17276: result: yes
configure:17300: checking for bzero
configure:17300: gcc -o conftest -g -O2   conftest.c -lxml2 -lthrift -lpthread -lmysqlclient -lm -ldl -lcurl  >&5
conftest.c:61:6: warning: conflicting types for built-in function 'bzero' [enabled by default]
 char bzero ();
      ^
configure:17300: $? = 0
configure:17300: result: yes
configure:17300: checking for mkdir
configure:17300: gcc -o conftest -g -O2   conftest.c -lxml2 -lthrift -lpthread -lmysqlclient -lm -ldl -lcurl  >&5
configure:17300: $? = 0
configure:17300: result: yes
configure:17300: checking for strchr
configure:17300: gcc -o conftest -g -O2   conftest.c -lxml2 -lthrift -lpthread -lmysqlclient -lm -ldl -lcurl  >&5
conftest.c:63:6: warning: conflicting types for built-in function 'strchr' [enabled by default]
 char strchr ();
      ^
configure:17300: $? = 0
configure:17300: result: yes
configure:17421: checking that generated files are newer than configure
configure:17427: result: done
configure:17458: creating ./config.status

## ---------------------- ##
## Running config.status. ##
## ---------------------- ##

This file was extended by FULL-PACKAGE-NAME config.status VERSION, which was
generated by GNU Autoconf 2.69.  Invocation command line was

  CONFIG_FILES    = 
  CONFIG_HEADERS  = 
  CONFIG_LINKS    = 
  CONFIG_COMMANDS = 
  $ ./config.status 

on ubuntu

config.status:1166: creating Makefile
config.status:1166: creating grab/Makefile
config.status:1166: creating mysql/Makefile
config.status:1166: creating server/Makefile
config.status:1166: creating threadManage/Makefile
config.status:1166: creating utils/Makefile
config.status:1166: creating config.h
config.status:1347: config.h is unchanged
config.status:1395: executing depfiles commands
config.status:1395: executing libtool commands

## ---------------- ##
## Cache variables. ##
## ---------------- ##

ac_cv_build=x86_64-unknown-linux-gnu
ac_cv_c_compiler_gnu=yes
ac_cv_c_int16_t=yes
ac_cv_c_int32_t=yes
ac_cv_c_uint32_t=yes
ac_cv_c_uint8_t=yes
ac_cv_cxx_compiler_gnu=yes
ac_cv_env_CCC_set=
ac_cv_env_CCC_value=
ac_cv_env_CC_set=
ac_cv_env_CC_value=
ac_cv_env_CFLAGS_set=
ac_cv_env_CFLAGS_value=
ac_cv_env_CPPFLAGS_set=
ac_cv_env_CPPFLAGS_value=
ac_cv_env_CPP_set=
ac_cv_env_CPP_value=
ac_cv_env_CXXCPP_set=
ac_cv_env_CXXCPP_value=
ac_cv_env_CXXFLAGS_set=
ac_cv_env_CXXFLAGS_value=
ac_cv_env_CXX_set=
ac_cv_env_CXX_value=
ac_cv_env_LDFLAGS_set=
ac_cv_env_LDFLAGS_value=
ac_cv_env_LIBS_set=
ac_cv_env_LIBS_value=
ac_cv_env_build_alias_set=
ac_cv_env_build_alias_value=
ac_cv_env_host_alias_set=
ac_cv_env_host_alias_value=
ac_cv_env_target_alias_set=
ac_cv_env_target_alias_value=
ac_cv_func_bzero=yes
ac_cv_func_malloc_0_nonnull=yes
ac_cv_func_mkdir=yes
ac_cv_func_strchr=yes
ac_cv_header_dlfcn_h=yes
ac_cv_header_fcntl_h=yes
ac_cv_header_inttypes_h=yes
ac_cv_header_memory_h=yes
ac_cv_header_stdbool_h=yes
ac_cv_header_stdc=yes
ac_cv_header_stdint_h=yes
ac_cv_header_stdlib_h=yes
ac_cv_header_string_h=yes
ac_cv_header_strings_h=yes
ac_cv_header_sys_stat_h=yes
ac_cv_header_sys_types_h=yes
ac_cv_header_unistd_h=yes
ac_cv_host=x86_64-unknown-linux-gnu
ac_cv_lib_curl_main=yes
ac_cv_lib_dl_main=yes
ac_cv_lib_grab_main=no
ac_cv_lib_m_main=yes
ac_cv_lib_mysql_main=no
ac_cv_lib_mysqlclient_main=yes
ac_cv_lib_pthread_main=yes
ac_cv_lib_server_main=no
ac_cv_lib_threadManage_main=no
ac_cv_lib_thrift_main=yes
ac_cv_lib_utils_main=no
ac_cv_lib_xml2_main=yes
ac_cv_objext=o
ac_cv_path_EGREP='/bin/grep -E'
ac_cv_path_FGREP='/bin/grep -F'
ac_cv_path_GREP=/bin/grep
ac_cv_path_SED=/bin/sed
ac_cv_path_install='/usr/bin/install -c'
ac_cv_path_mkdir=/bin/mkdir
ac_cv_prog_AWK=gawk
ac_cv_prog_CPP='gcc -E'
ac_cv_prog_CXXCPP='g++ -E'
ac_cv_prog_ac_ct_AR=ar
ac_cv_prog_ac_ct_CC=gcc
ac_cv_prog_ac_ct_CXX=g++
ac_cv_prog_ac_ct_MANIFEST_TOOL=mt
ac_cv_prog_ac_ct_OBJDUMP=objdump
ac_cv_prog_ac_ct_RANLIB=ranlib
ac_cv_prog_ac_ct_STRIP=strip
ac_cv_prog_cc_c89=
ac_cv_prog_cc_g=yes
ac_cv_prog_cxx_g=yes
ac_cv_prog_make_make_set=yes
ac_cv_type__Bool=yes
ac_cv_type_size_t=yes
ac_cv_type_ssize_t=yes
am_cv_CC_dependencies_compiler_type=gcc3
am_cv_CXX_dependencies_compiler_type=gcc3
am_cv_ar_interface=ar
am_cv_make_support_nested_variables=yes
am_cv_prog_cc_c_o=yes
lt_cv_ar_at_file=@
lt_cv_archive_cmds_need_lc=no
lt_cv_deplibs_check_method=pass_all
lt_cv_file_magic_cmd='$MAGIC_CMD'
lt_cv_file_magic_test_file=
lt_cv_ld_reload_flag=-r
lt_cv_nm_interface='BSD nm'
lt_cv_objdir=.libs
lt_cv_path_LD=/usr/bin/ld
lt_cv_path_LDCXX='/usr/bin/ld -m elf_x86_64'
lt_cv_path_NM='/usr/bin/nm -B'
lt_cv_path_mainfest_tool=no
lt_cv_prog_compiler_c_o=yes
lt_cv_prog_compiler_c_o_CXX=yes
lt_cv_prog_compiler_pic='-fPIC -DPIC'
lt_cv_prog_compiler_pic_CXX='-fPIC -DPIC'
lt_cv_prog_compiler_pic_works=yes
lt_cv_prog_compiler_pic_works_CXX=yes
lt_cv_prog_compiler_rtti_exceptions=no
lt_cv_prog_compiler_static_works=yes
lt_cv_prog_compiler_static_works_CXX=yes
lt_cv_prog_gnu_ld=yes
lt_cv_prog_gnu_ldcxx=yes
lt_cv_sharedlib_from_linklib_cmd='printf %s\n'
lt_cv_shlibpath_overrides_runpath=no
lt_cv_sys_global_symbol_pipe='sed -n -e '\''s/^.*[	 ]\([ABCDGIRSTW][ABCDGIRSTW]*\)[	 ][	 ]*\([_A-Za-z][_A-Za-z0-9]*\)$/\1 \2 \2/p'\'' | sed '\''/ __gnu_lto/d'\'''
lt_cv_sys_global_symbol_to_c_name_address='sed -n -e '\''s/^: \([^ ]*\)[ ]*$/  {\"\1\", (void *) 0},/p'\'' -e '\''s/^[ABCDGIRSTW]* \([^ ]*\) \([^ ]*\)$/  {"\2", (void *) \&\2},/p'\'''
lt_cv_sys_global_symbol_to_c_name_address_lib_prefix='sed -n -e '\''s/^: \([^ ]*\)[ ]*$/  {\"\1\", (void *) 0},/p'\'' -e '\''s/^[ABCDGIRSTW]* \([^ ]*\) \(lib[^ ]*\)$/  {"\2", (void *) \&\2},/p'\'' -e '\''s/^[ABCDGIRSTW]* \([^ ]*\) \([^ ]*\)$/  {"lib\2", (void *) \&\2},/p'\'''
lt_cv_sys_global_symbol_to_cdecl='sed -n -e '\''s/^T .* \(.*\)$/extern int \1();/p'\'' -e '\''s/^[ABCDGIRSTW]* .* \(.*\)$/extern char \1;/p'\'''
lt_cv_sys_max_cmd_len=1572864
lt_cv_to_host_file_cmd=func_convert_file_noop
lt_cv_to_tool_file_cmd=func_convert_file_noop

## ----------------- ##
## Output variables. ##
## ----------------- ##

ACLOCAL='${SHELL} /work/test_test/page_download/server/missing aclocal-1.14'
AMDEPBACKSLASH='\'
AMDEP_FALSE='#'
AMDEP_TRUE=''
AMTAR='$${TAR-tar}'
AM_BACKSLASH='\'
AM_DEFAULT_V='$(AM_DEFAULT_VERBOSITY)'
AM_DEFAULT_VERBOSITY='1'
AM_V='$(V)'
AR='ar'
AUTOCONF='${SHELL} /work/test_test/page_download/server/missing autoconf'
AUTOHEADER='${SHELL} /work/test_test/page_download/server/missing autoheader'
AUTOMAKE='${SHELL} /work/test_test/page_download/server/missing automake-1.14'
AWK='gawk'
CC='gcc'
CCDEPMODE='depmode=gcc3'
CFLAGS='-g -O2'
CPP='gcc -E'
CPPFLAGS=''
CXX='g++'
CXXCPP='g++ -E'
CXXDEPMODE='depmode=gcc3'
CXXFLAGS='-g -O2'
CYGPATH_W='echo'
DEFS='-DHAVE_CONFIG_H'
DEPDIR='.deps'
DLLTOOL='false'
DSYMUTIL=''
DUMPBIN=''
ECHO_C=''
ECHO_N='-n'
ECHO_T=''
EGREP='/bin/grep -E'
EXEEXT=''
FGREP='/bin/grep -F'
GREP='/bin/grep'
INSTALL_DATA='${INSTALL} -m 644'
INSTALL_PROGRAM='${INSTALL}'
INSTALL_SCRIPT='${INSTALL}'
INSTALL_STRIP_PROGRAM='$(install_sh) -c -s'
LD='/usr/bin/ld -m elf_x86_64'
LDFLAGS=''
LIBOBJS=''
LIBS='-lxml2 -lthrift -lpthread -lmysqlclient -lm -ldl -lcurl '
LIBTOOL='$(SHELL) $(top_builddir)/libtool'
LIPO=''
LN_S='ln -s'
LTLIBOBJS=''
MAKEINFO='${SHELL} /work/test_test/page_download/server/missing makeinfo'
MANIFEST_TOOL=':'
MKDIR_P='/bin/mkdir -p'
NM='/usr/bin/nm -B'
NMEDIT=''
OBJDUMP='objdump'
OBJEXT='o'
OTOOL64=''
OTOOL=''
PACKAGE='full-package-name'
PACKAGE_BUGREPORT='BUG-REPORT-ADDRESS'
PACKAGE_NAME='FULL-PACKAGE-NAME'
PACKAGE_STRING='FULL-PACKAGE-NAME VERSION'
PACKAGE_TARNAME='full-package-name'
PACKAGE_URL=''
PACKAGE_VERSION='VERSION'
PATH_SEPARATOR=':'
RANLIB='ranlib'
SED='/bin/sed'
SET_MAKE=''
SHELL='/bin/bash'
STRIP='strip'
VERSION='VERSION'
ac_ct_AR='ar'
ac_ct_CC='gcc'
ac_ct_CXX='g++'
ac_ct_DUMPBIN=''
am__EXEEXT_FALSE=''
am__EXEEXT_TRUE='#'
am__fastdepCC_FALSE='#'
am__fastdepCC_TRUE=''
am__fastdepCXX_FALSE='#'
am__fastdepCXX_TRUE=''
am__include='include'
am__isrc=''
am__leading_dot='.'
am__nodep='_no'
am__quote=''
am__tar='$${TAR-tar} chof - "$$tardir"'
am__untar='$${TAR-tar} xf -'
bindir='${exec_prefix}/bin'
build='x86_64-unknown-linux-gnu'
build_alias=''
build_cpu='x86_64'
build_os='linux-gnu'
build_vendor='unknown'
datadir='${datarootdir}'
datarootdir='${prefix}/share'
docdir='${datarootdir}/doc/${PACKAGE_TARNAME}'
dvidir='${docdir}'
exec_prefix='${prefix}'
host='x86_64-unknown-linux-gnu'
host_alias=''
host_cpu='x86_64'
host_os='linux-gnu'
host_vendor='unknown'
htmldir='${docdir}'
includedir='${prefix}/include'
infodir='${datarootdir}/info'
install_sh='${SHELL} /work/test_test/page_download/server/install-sh'
libdir='${exec_prefix}/lib'
libexecdir='${exec_prefix}/libexec'
localedir='${datarootdir}/locale'
localstatedir='${prefix}/var'
mandir='${datarootdir}/man'
mkdir_p='$(MKDIR_P)'
oldincludedir='/usr/include'
pdfdir='${docdir}'
prefix='/usr/local'
program_transform_name='s,x,x,'
psdir='${docdir}'
sbindir='${exec_prefix}/sbin'
sharedstatedir='${prefix}/com'
sysconfdir='${prefix}/etc'
target_alias=''

## ----------- ##
## confdefs.h. ##
## ----------- ##

/* confdefs.h */
#define PACKAGE_NAME "FULL-PACKAGE-NAME"
#define PACKAGE_TARNAME "full-package-name"
#define PACKAGE_VERSION "VERSION"
#define PACKAGE_STRING "FULL-PACKAGE-NAME VERSION"
#define PACKAGE_BUGREPORT "BUG-REPORT-ADDRESS"
#define PACKAGE_URL ""
#define PACKAGE "full-package-name"
#define VERSION "VERSION"
#define STDC_HEADERS 1
#define HAVE_SYS_TYPES_H 1
#define HAVE_SYS_STAT_H 1
#define HAVE_STDLIB_H 1
#define HAVE_STRING_H 1
#define HAVE_MEMORY_H 1
#define HAVE_STRINGS_H 1
#define HAVE_INTTYPES_H 1
#define HAVE_STDINT_H 1
#define HAVE_UNISTD_H 1
#define HAVE_DLFCN_H 1
#define LT_OBJDIR ".libs/"
#define HAVE_LIBCURL 1
#define HAVE_LIBDL 1
#define HAVE_LIBM 1
#define HAVE_LIBMYSQLCLIENT 1
#define HAVE_LIBPTHREAD 1
#define HAVE_LIBTHRIFT 1
#define HAVE_LIBXML2 1
#define HAVE_FCNTL_H 1
#define HAVE_STDINT_H 1
#define HAVE_STDLIB_H 1
#define HAVE_STRING_H 1
#define HAVE_UNISTD_H 1
#define HAVE__BOOL 1
#define HAVE_STDLIB_H 1
#define HAVE_MALLOC 1
#define HAVE_BZERO 1
#define HAVE_MKDIR 1
#define HAVE_STRCHR 1

configure: exit 0
